#
# A fatal error has been detected by the Java Runtime Environment:
#
#  SIGSEGV (0xb) at pc=0x00007fff201b241f, pid=94445, tid=171831
#
# JRE version: OpenJDK Runtime Environment Corretto-16.0.2.7.1 (16.0.2+7) (build 16.0.2+7)
# Java VM: OpenJDK 64-Bit Server VM Corretto-16.0.2.7.1 (16.0.2+7, mixed mode, sharing, tiered, compressed oops, compressed class ptrs, g1 gc, bsd-amd64)
# Problematic frame:
# C  [libobjc.A.dylib+0x841f]  objc_release+0x1f
#
# No core dump will be written. Core dumps have been disabled. To enable core dumping, try "ulimit -c unlimited" before starting Java again
#
# If you would like to submit a bug report, please visit:
#   https://github.com/corretto/corretto-jdk/issues/
# The crash happened outside the Java Virtual Machine in native code.
# See problematic frame for where to report the bug.
#

---------------  S U M M A R Y ------------

Command Line: -javaagent:/Users/jasonsomoglou/Library/Caches/JetBrains/IdeaIC2021.2/testAgent/intellij-coverage-agent-1.0.589.jar=/private/var/folders/xr/ynbnmsw90rz1p_9l5v61v2sr0000gn/T/coverage1261args -Didea.new.sampling.coverage=true -Dcoverage.ignore.private.constructor.util.class=true -javaagent:/Applications/IntelliJ IDEA CE.app/Contents/lib/idea_rt.jar=62687:/Applications/IntelliJ IDEA CE.app/Contents/bin -Dfile.encoding=UTF-8 com.mygdx.game.desktop.DesktopLauncher

Host: MacBookPro17,1 x86_64 2400 MHz, 8 cores, 8G, Darwin 20.6.0, macOS 11.5.1 (20G80)
Time: Tue Mar 15 01:52:20 2022 CET elapsed time: 1.506743 seconds (0d 0h 0m 1s)

---------------  T H R E A D  ---------------

Current thread (0x00007fa948a84400):  JavaThread "LWJGL Application" [_thread_in_native, id=171831, stack(0x0000000305f56000,0x0000000306056000)]

Stack: [0x0000000305f56000,0x0000000306056000],  sp=0x0000000306055468,  free space=1021k
Native frames: (J=compiled Java code, A=aot compiled Java code, j=interpreted, Vv=VM code, C=native code)
C  [libobjc.A.dylib+0x841f]  objc_release+0x1f
C  [libobjc.A.dylib+0x8d94]  objc_autoreleasePoolPop+0xa1
C  [CoreFoundation+0x426b2]  _CFAutoreleasePoolPop+0x16
C  [Foundation+0x1f123]  -[NSAutoreleasePool release]+0x83
C  [liblwjgl.dylib+0x16cce]  Java_org_lwjgl_opengl_MacOSXContextImplementation_setView+0x10e
j  org.lwjgl.opengl.MacOSXContextImplementation.setView(Ljava/nio/ByteBuffer;Ljava/nio/ByteBuffer;)V+0
j  org.lwjgl.opengl.MacOSXContextImplementation.makeCurrent(Lorg/lwjgl/opengl/PeerInfo;Ljava/nio/ByteBuffer;)V+7
j  org.lwjgl.opengl.ContextGL.makeCurrent()V+46
j  org.lwjgl.opengl.DrawableGL.makeCurrent()V+14
j  org.lwjgl.opengl.Display.makeCurrent()V+3
j  org.lwjgl.opengl.Display.makeCurrentAndSetSwapInterval()V+0
j  org.lwjgl.opengl.Display.create(Lorg/lwjgl/opengl/PixelFormat;Lorg/lwjgl/opengl/Drawable;Lorg/lwjgl/opengl/ContextAttribs;)V+108
j  org.lwjgl.opengl.Display.create(Lorg/lwjgl/opengl/PixelFormat;)V+12
j  com.badlogic.gdx.backends.lwjgl.LwjglGraphics.createDisplayPixelFormat(ZII)V+243
j  com.badlogic.gdx.backends.lwjgl.LwjglGraphics.setupDisplay()V+594
j  com.badlogic.gdx.backends.lwjgl.LwjglApplication.mainLoop()V+9
j  com.badlogic.gdx.backends.lwjgl.LwjglApplication$1.run()V+27
v  ~StubRoutines::call_stub
V  [libjvm.dylib+0x5166c1]  JavaCalls::call_helper(JavaValue*, methodHandle const&, JavaCallArguments*, Thread*)+0x2b1
V  [libjvm.dylib+0x515727]  JavaCalls::call_virtual(JavaValue*, Klass*, Symbol*, Symbol*, JavaCallArguments*, Thread*)+0x147
V  [libjvm.dylib+0x5157f3]  JavaCalls::call_virtual(JavaValue*, Handle, Klass*, Symbol*, Symbol*, Thread*)+0x63
V  [libjvm.dylib+0x5c3214]  thread_entry(JavaThread*, Thread*)+0xb4
V  [libjvm.dylib+0xa7e330]  JavaThread::thread_main_inner()+0xd0
V  [libjvm.dylib+0xa7bad1]  Thread::call_run()+0x71
V  [libjvm.dylib+0x89bdf7]  thread_native_entry(Thread*)+0x157
C  [libsystem_pthread.dylib+0x68fc]  _pthread_start+0xe0
C  [libsystem_pthread.dylib+0x2443]  thread_start+0xf

Java frames: (J=compiled Java code, j=interpreted, Vv=VM code)
j  org.lwjgl.opengl.MacOSXContextImplementation.setView(Ljava/nio/ByteBuffer;Ljava/nio/ByteBuffer;)V+0
j  org.lwjgl.opengl.MacOSXContextImplementation.makeCurrent(Lorg/lwjgl/opengl/PeerInfo;Ljava/nio/ByteBuffer;)V+7
j  org.lwjgl.opengl.ContextGL.makeCurrent()V+46
j  org.lwjgl.opengl.DrawableGL.makeCurrent()V+14
j  org.lwjgl.opengl.Display.makeCurrent()V+3
j  org.lwjgl.opengl.Display.makeCurrentAndSetSwapInterval()V+0
j  org.lwjgl.opengl.Display.create(Lorg/lwjgl/opengl/PixelFormat;Lorg/lwjgl/opengl/Drawable;Lorg/lwjgl/opengl/ContextAttribs;)V+108
j  org.lwjgl.opengl.Display.create(Lorg/lwjgl/opengl/PixelFormat;)V+12
j  com.badlogic.gdx.backends.lwjgl.LwjglGraphics.createDisplayPixelFormat(ZII)V+243
j  com.badlogic.gdx.backends.lwjgl.LwjglGraphics.setupDisplay()V+594
j  com.badlogic.gdx.backends.lwjgl.LwjglApplication.mainLoop()V+9
j  com.badlogic.gdx.backends.lwjgl.LwjglApplication$1.run()V+27
v  ~StubRoutines::call_stub

siginfo: si_signo: 11 (SIGSEGV), si_code: 1 (SEGV_MAPERR), si_addr: 0x0000000000000020

Register to memory mapping:

RAX=0x0 is NULL
RBX=0x0000000000000001 is an unknown value
RCX=0x0 is NULL
RDX=0x0000000000000007 is an unknown value
RSP=0x0000000306055468 is pointing into the stack for thread: 0x00007fa948a84400
RBP=0x00000003060554a0 is pointing into the stack for thread: 0x00007fa948a84400
RSI=0x00007fa917507a20 points into unknown readable memory: 0x013dffa9475a6ec7 | c7 6e 5a 47 a9 ff 3d 01
RDI=0x00007fa9475aca00 points into unknown readable memory: 0x0000000000000000 | 00 00 00 00 00 00 00 00
R8 =0x00007fa948b0bec8 points into unknown readable memory: 0x0000000000000000 | 00 00 00 00 00 00 00 00
R9 =0x0 is NULL
R10=0x00007fa9475a6ec0 points into unknown readable memory: 0x00007fa9475a6f50 | 50 6f 5a 47 a9 7f 00 00
R11=0x00007fff22b06f1a: -[NSResponder release]+0 in /System/Library/Frameworks/AppKit.framework/Versions/C/AppKit at 0x00007fff22afc000
R12=0x00007fa9475aca00 points into unknown readable memory: 0x011dffff80050111 | 11 01 05 80 ff ff 1d 01
R13=0xa3a3a3a3a3a3a3a3 is an unknown value
R14=0x00007fa948228068 points into unknown readable memory: 0x0000000000000000 | 00 00 00 00 00 00 00 00
R15=0x00007fa948228000 points into unknown readable memory: 0x4f545541a1a1a1a1 | a1 a1 a1 a1 41 55 54 4f


Registers:
RAX=0x0000000000000000, RBX=0x0000000000000001, RCX=0x0000000000000000, RDX=0x0000000000000007
RSP=0x0000000306055468, RBP=0x00000003060554a0, RSI=0x00007fa917507a20, RDI=0x00007fa9475aca00
R8 =0x00007fa948b0bec8, R9 =0x0000000000000000, R10=0x00007fa9475a6ec0, R11=0x00007fff22b06f1a
R12=0x00007fa9475aca00, R13=0xa3a3a3a3a3a3a3a3, R14=0x00007fa948228068, R15=0x00007fa948228000
RIP=0x00007fff201b241f, EFLAGS=0x0000000000000246, ERR=0x0000000000000004
  TRAPNO=0x000000000000000e

Top of Stack: (sp=0x0000000306055468)
0x0000000306055468:   00007fff201d0343 9a4b35499d030000
0x0000000306055478:   00007fa948228000 00007fa9476b7850
0x0000000306055488:   000000012e0f6eb8 00007fff7baa2fbf
0x0000000306055498:   00007fa948a84710 00000003060554c0
0x00000003060554a8:   00007fff201b2d94 9a4b35499d030039
0x00000003060554b8:   00007fa948228068 00000003060554e0
0x00000003060554c8:   00007fff203cc6b2 9a4b35499d030039
0x00000003060554d8:   00007fa9476b7850 0000000306055520
0x00000003060554e8:   00007fff21082123 00007fff871880d8
0x00000003060554f8:   0000000000000000 00007fa930c3d5a0
0x0000000306055508:   9a4b35499d030039 00007fa94749ac80
0x0000000306055518:   00007fa947492100 0000000306055550
0x0000000306055528:   000000013f51acce 000000012e0f6ec0
0x0000000306055538:   0000000000000000 00000003060555e8
0x0000000306055548:   00007fa948a84400 00000003060555c0
0x0000000306055558:   0000000117af5b06 00000003060555c0
0x0000000306055568:   0000000117af587b 0000000117af5836
0x0000000306055578:   0000000306055578 000000012e0f6eb8
0x0000000306055588:   00000003060555e8 000000012e0f7468
0x0000000306055598:   0000000000000000 00000007874a7828
0x00000003060555a8:   000000012e0f6ec0 0000000000000000
0x00000003060555b8:   00000003060555e0 0000000306055638
0x00000003060555c8:   0000000117af1449 00000007874a7828
0x00000003060555d8:   0000000117af3358 00000007874b6ff8
0x00000003060555e8:   000000078744a960 00000003060555f0
0x00000003060555f8:   000000012e0f6db7 0000000306055668
0x0000000306055608:   000000012e0f7468 0000000000000000
0x0000000306055618:   00000007874a7828 000000012e0f6e28
0x0000000306055628:   00000003060555e0 0000000306055658
0x0000000306055638:   00000003060556c8 0000000117af18c1
0x0000000306055648:   0000000000000000 000000078744a960
0x0000000306055658:   00000007874b6ff8 000000078744a8a0 

Instructions: (pc=0x00007fff201b241f)
0x00007fff201b231f:   00 75 20 4d 85 f6 74 10 49 8b 3e e8 bf fb 01 00
0x00007fff201b232f:   4c 89 f7 e8 b7 fb 01 00 48 c7 05 56 8f 48 60 00
0x00007fff201b233f:   00 00 00 4d 85 e4 74 23 49 8b 3c 24 49 8b 5c 24
0x00007fff201b234f:   08 48 85 ff 74 05 e8 0f fc ff ff 4c 89 e7 e8 8c
0x00007fff201b235f:   fb 01 00 49 89 dc 48 85 db 75 dd 48 8b 05 57 ee
0x00007fff201b236f:   dd 66 48 8b 00 48 3b 45 d8 75 32 48 83 c4 30 5b
0x00007fff201b237f:   41 5c 41 5e 41 5f 5d c3 31 c0 eb 02 b0 01 80 3d
0x00007fff201b238f:   1a 90 48 60 00 0f 84 4a fd ff ff 0f b6 d0 4c 89
0x00007fff201b239f:   ff 31 f6 e8 30 f0 01 00 e9 38 fd ff ff e8 71 fa
0x00007fff201b23af:   01 00 48 8d 3d 05 99 02 00 89 c6 31 c0 e8 36 e6
0x00007fff201b23bf:   01 00 4c 89 ff e8 2d ea 01 00 48 89 c3 65 8b 04
0x00007fff201b23cf:   25 18 00 00 00 31 c9 f0 0f b1 0d fe 8e 48 60 74
0x00007fff201b23df:   0c 48 8d 3d f5 8e 48 60 e8 b6 fb 01 00 48 89 df
0x00007fff201b23ef:   e8 e6 f9 01 00 0f 0b 90 e9 2b 40 00 00 90 90 90
0x00007fff201b23ff:   90 48 85 ff 74 76 89 f8 83 e0 01 48 85 c0 75 6c
0x00007fff201b240f:   48 8b 07 48 b9 f8 ff ff ff ff 7f 00 00 48 21 c1
0x00007fff201b241f:   48 8b 51 20 f6 c2 04 74 54 a8 01 74 6f 48 b9 00
0x00007fff201b242f:   00 00 00 00 00 80 00 48 ba 00 00 00 00 00 00 00
0x00007fff201b243f:   01 48 39 c8 72 36 48 89 c6 48 29 d6 72 17 f0 48
0x00007fff201b244f:   0f b1 37 74 22 a8 01 75 e8 31 f6 ba 01 00 00 00
0x00007fff201b245f:   e9 02 d4 01 00 48 85 c8 75 3a 48 8b 35 40 7d 48
0x00007fff201b246f:   60 ff 25 8a ed dd 66 48 39 ce 72 ee c3 f6 c2 02
0x00007fff201b247f:   74 0d 66 83 79 1c 00 79 06 f6 41 28 02 75 1f 48
0x00007fff201b248f:   8b 35 43 7c 48 60 ff 25 65 ed dd 66 f6 41 1c 01
0x00007fff201b249f:   74 b7 eb d8 be 01 00 00 00 e9 d3 5a 00 00 48 8b
0x00007fff201b24af:   05 84 f6 42 60 ff e0 90 90 90 90 90 90 90 90 e9
0x00007fff201b24bf:   04 00 00 00 90 90 90 90 55 48 89 e5 53 50 48 89
0x00007fff201b24cf:   fb f6 c3 01 75 21 48 b8 07 00 00 00 00 00 a0 00
0x00007fff201b24df:   48 23 03 48 83 f8 01 75 15 48 89 df 48 83 c4 08
0x00007fff201b24ef:   5b 5d e9 f8 f9 01 00 48 83 c4 08 5b 5d c3 48 89
0x00007fff201b24ff:   df e8 3e 00 00 00 eb e1 90 90 90 90 90 90 90 90
0x00007fff201b250f:   90 90 90 90 90 90 90 48 85 ff 74 1c 55 48 89 e5 


Stack slot to memory mapping:
stack at sp + 0 slots: 0x00007fff201d0343: _ZN19AutoreleasePoolPage12releaseUntilEPP11objc_object+0xa7 in /usr/lib/libobjc.A.dylib at 0x00007fff201aa000
stack at sp + 1 slots: 0x9a4b35499d030000 is an unknown value
stack at sp + 2 slots: 0x00007fa948228000 points into unknown readable memory: 0x4f545541a1a1a1a1 | a1 a1 a1 a1 41 55 54 4f
stack at sp + 3 slots: 0x00007fa9476b7850 points into unknown readable memory: 0x011dffff800829a9 | a9 29 08 80 ff ff 1d 01
stack at sp + 4 slots: 0x000000012e0f6eb8 is pointing into metadata
stack at sp + 5 slots: 0x00007fff7baa2fbf: GCC_except_table772+0x5b8c3697 in /usr/lib/libobjc.A.dylib at 0x00007fff201aa000
stack at sp + 6 slots: 0x00007fa948a84710 points into unknown readable memory: 0x000000010d4fa700 | 00 a7 4f 0d 01 00 00 00
stack at sp + 7 slots: 0x00000003060554c0 is pointing into the stack for thread: 0x00007fa948a84400


---------------  P R O C E S S  ---------------

Threads class SMR info:
_java_thread_list=0x00007fa9475af030, length=16, elements={
0x00007fa947820a00, 0x00007fa947823200, 0x00007fa947822600, 0x00007fa947822c00,
0x00007fa947826000, 0x00007fa94881e000, 0x00007fa947826600, 0x00007fa94881e600,
0x00007fa948871e00, 0x00007fa948896000, 0x00007fa948892200, 0x00007fa94880b600,
0x00007fa93798c600, 0x00007fa948a84400, 0x00007fa94880b000, 0x00007fa94825ec00
}

Java Threads: ( => current thread )
  0x00007fa947820a00 JavaThread "Reference Handler" daemon [_thread_blocked, id=43355, stack(0x0000000304beb000,0x0000000304ceb000)]
  0x00007fa947823200 JavaThread "Finalizer" daemon [_thread_blocked, id=43011, stack(0x0000000304cee000,0x0000000304dee000)]
  0x00007fa947822600 JavaThread "Signal Dispatcher" daemon [_thread_blocked, id=23811, stack(0x0000000304eff000,0x0000000304fff000)]
  0x00007fa947822c00 JavaThread "Service Thread" daemon [_thread_blocked, id=39939, stack(0x0000000305002000,0x0000000305102000)]
  0x00007fa947826000 JavaThread "Monitor Deflation Thread" daemon [_thread_blocked, id=24323, stack(0x0000000305105000,0x0000000305205000)]
  0x00007fa94881e000 JavaThread "C2 CompilerThread0" daemon [_thread_blocked, id=39427, stack(0x0000000305208000,0x0000000305308000)]
  0x00007fa947826600 JavaThread "C1 CompilerThread0" daemon [_thread_blocked, id=39171, stack(0x000000030530b000,0x000000030540b000)]
  0x00007fa94881e600 JavaThread "Sweeper thread" daemon [_thread_blocked, id=38659, stack(0x000000030540e000,0x000000030550e000)]
  0x00007fa948871e00 JavaThread "Common-Cleaner" daemon [_thread_blocked, id=37947, stack(0x0000000305511000,0x0000000305611000)]
  0x00007fa948896000 JavaThread "Monitor Ctrl-Break" daemon [_thread_in_native, id=25435, stack(0x0000000305614000,0x0000000305714000)]
  0x00007fa948892200 JavaThread "Notification Thread" daemon [_thread_blocked, id=36611, stack(0x0000000305717000,0x0000000305817000)]
  0x00007fa94880b600 JavaThread "AppKit Thread" daemon [_thread_in_native, id=259, stack(0x0000000303c53000,0x0000000304453000)]
  0x00007fa93798c600 JavaThread "AWT-Shutdown" [_thread_blocked, id=84523, stack(0x00000003059a3000,0x0000000305aa3000)]
=>0x00007fa948a84400 JavaThread "LWJGL Application" [_thread_in_native, id=171831, stack(0x0000000305f56000,0x0000000306056000)]
  0x00007fa94880b000 JavaThread "DestroyJavaVM" [_thread_blocked, id=7939, stack(0x00000003044d6000,0x00000003045d6000)]
  0x00007fa94825ec00 JavaThread "Attach Listener" daemon [_thread_blocked, id=164875, stack(0x0000000306059000,0x0000000306159000)]

Other Threads:
  0x00007fa9475362b0 VMThread "VM Thread" [stack: 0x0000000304ae8000,0x0000000304be8000] [id=16643]
  0x00007fa937417780 WatcherThread [stack: 0x000000030581a000,0x000000030591a000] [id=25859]
  0x00007fa937409cd0 GCTaskThread "GC Thread#0" [stack: 0x00000003045d9000,0x00000003046d9000] [id=13315]
  0x00007fa947511f20 ConcurrentGCThread "G1 Main Marker" [stack: 0x00000003046dc000,0x00000003047dc000] [id=13827]
  0x00007fa93740a810 ConcurrentGCThread "G1 Conc#0" [stack: 0x00000003047df000,0x00000003048df000] [id=14851]
  0x00007fa94752e880 ConcurrentGCThread "G1 Refine#0" [stack: 0x00000003048e2000,0x00000003049e2000] [id=15363]
  0x00007fa94740e670 ConcurrentGCThread "G1 Service" [stack: 0x00000003049e5000,0x0000000304ae5000] [id=15619]

Threads with active compile tasks:

VM state: not at safepoint (normal execution)

VM Mutex/Monitor currently owned by a thread: None

Heap address: 0x0000000780000000, size: 2048 MB, Compressed Oops mode: Zero based, Oop shift amount: 3

CDS archive(s) mapped at: [0x0000000800000000-0x0000000800bec000-0x0000000800bec000), size 12500992, SharedBaseAddress: 0x0000000800000000, ArchiveRelocationMode: 0.
Compressed class space mapped at: 0x0000000800c00000-0x0000000840c00000, reserved size: 1073741824
Narrow klass base: 0x0000000800000000, Narrow klass shift: 3, Narrow klass range: 0x100000000

GC Precious Log:
 CPUs: 8 total, 8 available
 Memory: 8192M
 Large Page Support: Disabled
 NUMA Support: Disabled
 Compressed Oops: Enabled (Zero based)
 Heap Region Size: 1M
 Heap Min Capacity: 8M
 Heap Initial Capacity: 128M
 Heap Max Capacity: 2G
 Pre-touch: Disabled
 Parallel Workers: 8
 Concurrent Workers: 2
 Concurrent Refinement Workers: 8
 Periodic GC: Disabled

Heap:
 garbage-first heap   total 133120K, used 12264K [0x0000000780000000, 0x0000000800000000)
  region size 1024K, 12 young (12288K), 0 survivors (0K)
 Metaspace       used 4721K, committed 4864K, reserved 1056768K
  class space    used 413K, committed 512K, reserved 1048576K

Heap Regions: E=young(eden), S=young(survivor), O=old, HS=humongous(starts), HC=humongous(continues), CS=collection set, F=free, OA=open archive, CA=closed archive, TAMS=top-at-mark-start (previous, next)
|   0|0x0000000780000000, 0x0000000780000000, 0x0000000780100000|  0%| F|  |TAMS 0x0000000780000000, 0x0000000780000000| Untracked 
|   1|0x0000000780100000, 0x0000000780100000, 0x0000000780200000|  0%| F|  |TAMS 0x0000000780100000, 0x0000000780100000| Untracked 
|   2|0x0000000780200000, 0x0000000780200000, 0x0000000780300000|  0%| F|  |TAMS 0x0000000780200000, 0x0000000780200000| Untracked 
|   3|0x0000000780300000, 0x0000000780300000, 0x0000000780400000|  0%| F|  |TAMS 0x0000000780300000, 0x0000000780300000| Untracked 
|   4|0x0000000780400000, 0x0000000780400000, 0x0000000780500000|  0%| F|  |TAMS 0x0000000780400000, 0x0000000780400000| Untracked 
|   5|0x0000000780500000, 0x0000000780500000, 0x0000000780600000|  0%| F|  |TAMS 0x0000000780500000, 0x0000000780500000| Untracked 
|   6|0x0000000780600000, 0x0000000780600000, 0x0000000780700000|  0%| F|  |TAMS 0x0000000780600000, 0x0000000780600000| Untracked 
|   7|0x0000000780700000, 0x0000000780700000, 0x0000000780800000|  0%| F|  |TAMS 0x0000000780700000, 0x0000000780700000| Untracked 
|   8|0x0000000780800000, 0x0000000780800000, 0x0000000780900000|  0%| F|  |TAMS 0x0000000780800000, 0x0000000780800000| Untracked 
|   9|0x0000000780900000, 0x0000000780900000, 0x0000000780a00000|  0%| F|  |TAMS 0x0000000780900000, 0x0000000780900000| Untracked 
|  10|0x0000000780a00000, 0x0000000780a00000, 0x0000000780b00000|  0%| F|  |TAMS 0x0000000780a00000, 0x0000000780a00000| Untracked 
|  11|0x0000000780b00000, 0x0000000780b00000, 0x0000000780c00000|  0%| F|  |TAMS 0x0000000780b00000, 0x0000000780b00000| Untracked 
|  12|0x0000000780c00000, 0x0000000780c00000, 0x0000000780d00000|  0%| F|  |TAMS 0x0000000780c00000, 0x0000000780c00000| Untracked 
|  13|0x0000000780d00000, 0x0000000780d00000, 0x0000000780e00000|  0%| F|  |TAMS 0x0000000780d00000, 0x0000000780d00000| Untracked 
|  14|0x0000000780e00000, 0x0000000780e00000, 0x0000000780f00000|  0%| F|  |TAMS 0x0000000780e00000, 0x0000000780e00000| Untracked 
|  15|0x0000000780f00000, 0x0000000780f00000, 0x0000000781000000|  0%| F|  |TAMS 0x0000000780f00000, 0x0000000780f00000| Untracked 
|  16|0x0000000781000000, 0x0000000781000000, 0x0000000781100000|  0%| F|  |TAMS 0x0000000781000000, 0x0000000781000000| Untracked 
|  17|0x0000000781100000, 0x0000000781100000, 0x0000000781200000|  0%| F|  |TAMS 0x0000000781100000, 0x0000000781100000| Untracked 
|  18|0x0000000781200000, 0x0000000781200000, 0x0000000781300000|  0%| F|  |TAMS 0x0000000781200000, 0x0000000781200000| Untracked 
|  19|0x0000000781300000, 0x0000000781300000, 0x0000000781400000|  0%| F|  |TAMS 0x0000000781300000, 0x0000000781300000| Untracked 
|  20|0x0000000781400000, 0x0000000781400000, 0x0000000781500000|  0%| F|  |TAMS 0x0000000781400000, 0x0000000781400000| Untracked 
|  21|0x0000000781500000, 0x0000000781500000, 0x0000000781600000|  0%| F|  |TAMS 0x0000000781500000, 0x0000000781500000| Untracked 
|  22|0x0000000781600000, 0x0000000781600000, 0x0000000781700000|  0%| F|  |TAMS 0x0000000781600000, 0x0000000781600000| Untracked 
|  23|0x0000000781700000, 0x0000000781700000, 0x0000000781800000|  0%| F|  |TAMS 0x0000000781700000, 0x0000000781700000| Untracked 
|  24|0x0000000781800000, 0x0000000781800000, 0x0000000781900000|  0%| F|  |TAMS 0x0000000781800000, 0x0000000781800000| Untracked 
|  25|0x0000000781900000, 0x0000000781900000, 0x0000000781a00000|  0%| F|  |TAMS 0x0000000781900000, 0x0000000781900000| Untracked 
|  26|0x0000000781a00000, 0x0000000781a00000, 0x0000000781b00000|  0%| F|  |TAMS 0x0000000781a00000, 0x0000000781a00000| Untracked 
|  27|0x0000000781b00000, 0x0000000781b00000, 0x0000000781c00000|  0%| F|  |TAMS 0x0000000781b00000, 0x0000000781b00000| Untracked 
|  28|0x0000000781c00000, 0x0000000781c00000, 0x0000000781d00000|  0%| F|  |TAMS 0x0000000781c00000, 0x0000000781c00000| Untracked 
|  29|0x0000000781d00000, 0x0000000781d00000, 0x0000000781e00000|  0%| F|  |TAMS 0x0000000781d00000, 0x0000000781d00000| Untracked 
|  30|0x0000000781e00000, 0x0000000781e00000, 0x0000000781f00000|  0%| F|  |TAMS 0x0000000781e00000, 0x0000000781e00000| Untracked 
|  31|0x0000000781f00000, 0x0000000781f00000, 0x0000000782000000|  0%| F|  |TAMS 0x0000000781f00000, 0x0000000781f00000| Untracked 
|  32|0x0000000782000000, 0x0000000782000000, 0x0000000782100000|  0%| F|  |TAMS 0x0000000782000000, 0x0000000782000000| Untracked 
|  33|0x0000000782100000, 0x0000000782100000, 0x0000000782200000|  0%| F|  |TAMS 0x0000000782100000, 0x0000000782100000| Untracked 
|  34|0x0000000782200000, 0x0000000782200000, 0x0000000782300000|  0%| F|  |TAMS 0x0000000782200000, 0x0000000782200000| Untracked 
|  35|0x0000000782300000, 0x0000000782300000, 0x0000000782400000|  0%| F|  |TAMS 0x0000000782300000, 0x0000000782300000| Untracked 
|  36|0x0000000782400000, 0x0000000782400000, 0x0000000782500000|  0%| F|  |TAMS 0x0000000782400000, 0x0000000782400000| Untracked 
|  37|0x0000000782500000, 0x0000000782500000, 0x0000000782600000|  0%| F|  |TAMS 0x0000000782500000, 0x0000000782500000| Untracked 
|  38|0x0000000782600000, 0x0000000782600000, 0x0000000782700000|  0%| F|  |TAMS 0x0000000782600000, 0x0000000782600000| Untracked 
|  39|0x0000000782700000, 0x0000000782700000, 0x0000000782800000|  0%| F|  |TAMS 0x0000000782700000, 0x0000000782700000| Untracked 
|  40|0x0000000782800000, 0x0000000782800000, 0x0000000782900000|  0%| F|  |TAMS 0x0000000782800000, 0x0000000782800000| Untracked 
|  41|0x0000000782900000, 0x0000000782900000, 0x0000000782a00000|  0%| F|  |TAMS 0x0000000782900000, 0x0000000782900000| Untracked 
|  42|0x0000000782a00000, 0x0000000782a00000, 0x0000000782b00000|  0%| F|  |TAMS 0x0000000782a00000, 0x0000000782a00000| Untracked 
|  43|0x0000000782b00000, 0x0000000782b00000, 0x0000000782c00000|  0%| F|  |TAMS 0x0000000782b00000, 0x0000000782b00000| Untracked 
|  44|0x0000000782c00000, 0x0000000782c00000, 0x0000000782d00000|  0%| F|  |TAMS 0x0000000782c00000, 0x0000000782c00000| Untracked 
|  45|0x0000000782d00000, 0x0000000782d00000, 0x0000000782e00000|  0%| F|  |TAMS 0x0000000782d00000, 0x0000000782d00000| Untracked 
|  46|0x0000000782e00000, 0x0000000782e00000, 0x0000000782f00000|  0%| F|  |TAMS 0x0000000782e00000, 0x0000000782e00000| Untracked 
|  47|0x0000000782f00000, 0x0000000782f00000, 0x0000000783000000|  0%| F|  |TAMS 0x0000000782f00000, 0x0000000782f00000| Untracked 
|  48|0x0000000783000000, 0x0000000783000000, 0x0000000783100000|  0%| F|  |TAMS 0x0000000783000000, 0x0000000783000000| Untracked 
|  49|0x0000000783100000, 0x0000000783100000, 0x0000000783200000|  0%| F|  |TAMS 0x0000000783100000, 0x0000000783100000| Untracked 
|  50|0x0000000783200000, 0x0000000783200000, 0x0000000783300000|  0%| F|  |TAMS 0x0000000783200000, 0x0000000783200000| Untracked 
|  51|0x0000000783300000, 0x0000000783300000, 0x0000000783400000|  0%| F|  |TAMS 0x0000000783300000, 0x0000000783300000| Untracked 
|  52|0x0000000783400000, 0x0000000783400000, 0x0000000783500000|  0%| F|  |TAMS 0x0000000783400000, 0x0000000783400000| Untracked 
|  53|0x0000000783500000, 0x0000000783500000, 0x0000000783600000|  0%| F|  |TAMS 0x0000000783500000, 0x0000000783500000| Untracked 
|  54|0x0000000783600000, 0x0000000783600000, 0x0000000783700000|  0%| F|  |TAMS 0x0000000783600000, 0x0000000783600000| Untracked 
|  55|0x0000000783700000, 0x0000000783700000, 0x0000000783800000|  0%| F|  |TAMS 0x0000000783700000, 0x0000000783700000| Untracked 
|  56|0x0000000783800000, 0x0000000783800000, 0x0000000783900000|  0%| F|  |TAMS 0x0000000783800000, 0x0000000783800000| Untracked 
|  57|0x0000000783900000, 0x0000000783900000, 0x0000000783a00000|  0%| F|  |TAMS 0x0000000783900000, 0x0000000783900000| Untracked 
|  58|0x0000000783a00000, 0x0000000783a00000, 0x0000000783b00000|  0%| F|  |TAMS 0x0000000783a00000, 0x0000000783a00000| Untracked 
|  59|0x0000000783b00000, 0x0000000783b00000, 0x0000000783c00000|  0%| F|  |TAMS 0x0000000783b00000, 0x0000000783b00000| Untracked 
|  60|0x0000000783c00000, 0x0000000783c00000, 0x0000000783d00000|  0%| F|  |TAMS 0x0000000783c00000, 0x0000000783c00000| Untracked 
|  61|0x0000000783d00000, 0x0000000783d00000, 0x0000000783e00000|  0%| F|  |TAMS 0x0000000783d00000, 0x0000000783d00000| Untracked 
|  62|0x0000000783e00000, 0x0000000783e00000, 0x0000000783f00000|  0%| F|  |TAMS 0x0000000783e00000, 0x0000000783e00000| Untracked 
|  63|0x0000000783f00000, 0x0000000783f00000, 0x0000000784000000|  0%| F|  |TAMS 0x0000000783f00000, 0x0000000783f00000| Untracked 
|  64|0x0000000784000000, 0x0000000784000000, 0x0000000784100000|  0%| F|  |TAMS 0x0000000784000000, 0x0000000784000000| Untracked 
|  65|0x0000000784100000, 0x0000000784100000, 0x0000000784200000|  0%| F|  |TAMS 0x0000000784100000, 0x0000000784100000| Untracked 
|  66|0x0000000784200000, 0x0000000784200000, 0x0000000784300000|  0%| F|  |TAMS 0x0000000784200000, 0x0000000784200000| Untracked 
|  67|0x0000000784300000, 0x0000000784300000, 0x0000000784400000|  0%| F|  |TAMS 0x0000000784300000, 0x0000000784300000| Untracked 
|  68|0x0000000784400000, 0x0000000784400000, 0x0000000784500000|  0%| F|  |TAMS 0x0000000784400000, 0x0000000784400000| Untracked 
|  69|0x0000000784500000, 0x0000000784500000, 0x0000000784600000|  0%| F|  |TAMS 0x0000000784500000, 0x0000000784500000| Untracked 
|  70|0x0000000784600000, 0x0000000784600000, 0x0000000784700000|  0%| F|  |TAMS 0x0000000784600000, 0x0000000784600000| Untracked 
|  71|0x0000000784700000, 0x0000000784700000, 0x0000000784800000|  0%| F|  |TAMS 0x0000000784700000, 0x0000000784700000| Untracked 
|  72|0x0000000784800000, 0x0000000784800000, 0x0000000784900000|  0%| F|  |TAMS 0x0000000784800000, 0x0000000784800000| Untracked 
|  73|0x0000000784900000, 0x0000000784900000, 0x0000000784a00000|  0%| F|  |TAMS 0x0000000784900000, 0x0000000784900000| Untracked 
|  74|0x0000000784a00000, 0x0000000784a00000, 0x0000000784b00000|  0%| F|  |TAMS 0x0000000784a00000, 0x0000000784a00000| Untracked 
|  75|0x0000000784b00000, 0x0000000784b00000, 0x0000000784c00000|  0%| F|  |TAMS 0x0000000784b00000, 0x0000000784b00000| Untracked 
|  76|0x0000000784c00000, 0x0000000784c00000, 0x0000000784d00000|  0%| F|  |TAMS 0x0000000784c00000, 0x0000000784c00000| Untracked 
|  77|0x0000000784d00000, 0x0000000784d00000, 0x0000000784e00000|  0%| F|  |TAMS 0x0000000784d00000, 0x0000000784d00000| Untracked 
|  78|0x0000000784e00000, 0x0000000784e00000, 0x0000000784f00000|  0%| F|  |TAMS 0x0000000784e00000, 0x0000000784e00000| Untracked 
|  79|0x0000000784f00000, 0x0000000784f00000, 0x0000000785000000|  0%| F|  |TAMS 0x0000000784f00000, 0x0000000784f00000| Untracked 
|  80|0x0000000785000000, 0x0000000785000000, 0x0000000785100000|  0%| F|  |TAMS 0x0000000785000000, 0x0000000785000000| Untracked 
|  81|0x0000000785100000, 0x0000000785100000, 0x0000000785200000|  0%| F|  |TAMS 0x0000000785100000, 0x0000000785100000| Untracked 
|  82|0x0000000785200000, 0x0000000785200000, 0x0000000785300000|  0%| F|  |TAMS 0x0000000785200000, 0x0000000785200000| Untracked 
|  83|0x0000000785300000, 0x0000000785300000, 0x0000000785400000|  0%| F|  |TAMS 0x0000000785300000, 0x0000000785300000| Untracked 
|  84|0x0000000785400000, 0x0000000785400000, 0x0000000785500000|  0%| F|  |TAMS 0x0000000785400000, 0x0000000785400000| Untracked 
|  85|0x0000000785500000, 0x0000000785500000, 0x0000000785600000|  0%| F|  |TAMS 0x0000000785500000, 0x0000000785500000| Untracked 
|  86|0x0000000785600000, 0x0000000785600000, 0x0000000785700000|  0%| F|  |TAMS 0x0000000785600000, 0x0000000785600000| Untracked 
|  87|0x0000000785700000, 0x0000000785700000, 0x0000000785800000|  0%| F|  |TAMS 0x0000000785700000, 0x0000000785700000| Untracked 
|  88|0x0000000785800000, 0x0000000785800000, 0x0000000785900000|  0%| F|  |TAMS 0x0000000785800000, 0x0000000785800000| Untracked 
|  89|0x0000000785900000, 0x0000000785900000, 0x0000000785a00000|  0%| F|  |TAMS 0x0000000785900000, 0x0000000785900000| Untracked 
|  90|0x0000000785a00000, 0x0000000785a00000, 0x0000000785b00000|  0%| F|  |TAMS 0x0000000785a00000, 0x0000000785a00000| Untracked 
|  91|0x0000000785b00000, 0x0000000785b00000, 0x0000000785c00000|  0%| F|  |TAMS 0x0000000785b00000, 0x0000000785b00000| Untracked 
|  92|0x0000000785c00000, 0x0000000785c00000, 0x0000000785d00000|  0%| F|  |TAMS 0x0000000785c00000, 0x0000000785c00000| Untracked 
|  93|0x0000000785d00000, 0x0000000785d00000, 0x0000000785e00000|  0%| F|  |TAMS 0x0000000785d00000, 0x0000000785d00000| Untracked 
|  94|0x0000000785e00000, 0x0000000785e00000, 0x0000000785f00000|  0%| F|  |TAMS 0x0000000785e00000, 0x0000000785e00000| Untracked 
|  95|0x0000000785f00000, 0x0000000785f00000, 0x0000000786000000|  0%| F|  |TAMS 0x0000000785f00000, 0x0000000785f00000| Untracked 
|  96|0x0000000786000000, 0x0000000786000000, 0x0000000786100000|  0%| F|  |TAMS 0x0000000786000000, 0x0000000786000000| Untracked 
|  97|0x0000000786100000, 0x0000000786100000, 0x0000000786200000|  0%| F|  |TAMS 0x0000000786100000, 0x0000000786100000| Untracked 
|  98|0x0000000786200000, 0x0000000786200000, 0x0000000786300000|  0%| F|  |TAMS 0x0000000786200000, 0x0000000786200000| Untracked 
|  99|0x0000000786300000, 0x0000000786300000, 0x0000000786400000|  0%| F|  |TAMS 0x0000000786300000, 0x0000000786300000| Untracked 
| 100|0x0000000786400000, 0x0000000786400000, 0x0000000786500000|  0%| F|  |TAMS 0x0000000786400000, 0x0000000786400000| Untracked 
| 101|0x0000000786500000, 0x0000000786500000, 0x0000000786600000|  0%| F|  |TAMS 0x0000000786500000, 0x0000000786500000| Untracked 
| 102|0x0000000786600000, 0x0000000786600000, 0x0000000786700000|  0%| F|  |TAMS 0x0000000786600000, 0x0000000786600000| Untracked 
| 103|0x0000000786700000, 0x0000000786700000, 0x0000000786800000|  0%| F|  |TAMS 0x0000000786700000, 0x0000000786700000| Untracked 
| 104|0x0000000786800000, 0x0000000786800000, 0x0000000786900000|  0%| F|  |TAMS 0x0000000786800000, 0x0000000786800000| Untracked 
| 105|0x0000000786900000, 0x0000000786900000, 0x0000000786a00000|  0%| F|  |TAMS 0x0000000786900000, 0x0000000786900000| Untracked 
| 106|0x0000000786a00000, 0x0000000786a00000, 0x0000000786b00000|  0%| F|  |TAMS 0x0000000786a00000, 0x0000000786a00000| Untracked 
| 107|0x0000000786b00000, 0x0000000786b00000, 0x0000000786c00000|  0%| F|  |TAMS 0x0000000786b00000, 0x0000000786b00000| Untracked 
| 108|0x0000000786c00000, 0x0000000786c00000, 0x0000000786d00000|  0%| F|  |TAMS 0x0000000786c00000, 0x0000000786c00000| Untracked 
| 109|0x0000000786d00000, 0x0000000786d00000, 0x0000000786e00000|  0%| F|  |TAMS 0x0000000786d00000, 0x0000000786d00000| Untracked 
| 110|0x0000000786e00000, 0x0000000786e00000, 0x0000000786f00000|  0%| F|  |TAMS 0x0000000786e00000, 0x0000000786e00000| Untracked 
| 111|0x0000000786f00000, 0x0000000786f00000, 0x0000000787000000|  0%| F|  |TAMS 0x0000000786f00000, 0x0000000786f00000| Untracked 
| 112|0x0000000787000000, 0x0000000787000000, 0x0000000787100000|  0%| F|  |TAMS 0x0000000787000000, 0x0000000787000000| Untracked 
| 113|0x0000000787100000, 0x0000000787100000, 0x0000000787200000|  0%| F|  |TAMS 0x0000000787100000, 0x0000000787100000| Untracked 
| 114|0x0000000787200000, 0x0000000787200000, 0x0000000787300000|  0%| F|  |TAMS 0x0000000787200000, 0x0000000787200000| Untracked 
| 115|0x0000000787300000, 0x0000000787300000, 0x0000000787400000|  0%| F|  |TAMS 0x0000000787300000, 0x0000000787300000| Untracked 
| 116|0x0000000787400000, 0x0000000787500000, 0x0000000787500000|100%| E|  |TAMS 0x0000000787400000, 0x0000000787400000| Complete 
| 117|0x0000000787500000, 0x0000000787600000, 0x0000000787600000|100%| E|CS|TAMS 0x0000000787500000, 0x0000000787500000| Complete 
| 118|0x0000000787600000, 0x0000000787700000, 0x0000000787700000|100%| E|CS|TAMS 0x0000000787600000, 0x0000000787600000| Complete 
| 119|0x0000000787700000, 0x0000000787800000, 0x0000000787800000|100%| E|CS|TAMS 0x0000000787700000, 0x0000000787700000| Complete 
| 120|0x0000000787800000, 0x0000000787900000, 0x0000000787900000|100%| E|CS|TAMS 0x0000000787800000, 0x0000000787800000| Complete 
| 121|0x0000000787900000, 0x0000000787a00000, 0x0000000787a00000|100%| E|CS|TAMS 0x0000000787900000, 0x0000000787900000| Complete 
| 122|0x0000000787a00000, 0x0000000787b00000, 0x0000000787b00000|100%| E|CS|TAMS 0x0000000787a00000, 0x0000000787a00000| Complete 
| 123|0x0000000787b00000, 0x0000000787c00000, 0x0000000787c00000|100%| E|CS|TAMS 0x0000000787b00000, 0x0000000787b00000| Complete 
| 124|0x0000000787c00000, 0x0000000787d00000, 0x0000000787d00000|100%| E|CS|TAMS 0x0000000787c00000, 0x0000000787c00000| Complete 
| 125|0x0000000787d00000, 0x0000000787e00000, 0x0000000787e00000|100%| E|CS|TAMS 0x0000000787d00000, 0x0000000787d00000| Complete 
| 126|0x0000000787e00000, 0x0000000787f00000, 0x0000000787f00000|100%| E|CS|TAMS 0x0000000787e00000, 0x0000000787e00000| Complete 
| 127|0x0000000787f00000, 0x0000000788000000, 0x0000000788000000|100%| E|CS|TAMS 0x0000000787f00000, 0x0000000787f00000| Complete 
|1022|0x00000007bfe00000, 0x00000007bfe75000, 0x00000007bff00000| 45%|OA|  |TAMS 0x00000007bfe00000, 0x00000007bfe00000| Untracked 
|1023|0x00000007bff00000, 0x00000007bff85000, 0x00000007c0000000| 51%|CA|  |TAMS 0x00000007bff00000, 0x00000007bff00000| Untracked 

Card table byte_map: [0x00000001270be000,0x00000001274be000] _byte_map_base: 0x00000001234be000

Marking Bits (Prev, Next): (CMBitMap*) 0x00007fa94800a610, (CMBitMap*) 0x00007fa94800a650
 Prev Bits: [0x00000001278be000, 0x00000001298be000)
 Next Bits: [0x00000001298be000, 0x000000012b8be000)

Polling page: 0x00000001000b6000

Metaspace:

Usage:
  Non-class:      4.21 MB used.
      Class:    413.18 KB used.
       Both:      4.61 MB used.

Virtual space:
  Non-class space:        8.00 MB reserved,       4.25 MB ( 53%) committed,  1 nodes.
      Class space:        1.00 GB reserved,     512.00 KB ( <1%) committed,  1 nodes.
              Both:        1.01 GB reserved,       4.75 MB ( <1%) committed. 

Chunk freelists:
   Non-Class:  3.02 MB
       Class:  3.48 MB
        Both:  6.50 MB

MaxMetaspaceSize: 17179869184.00 GB
CompressedClassSpaceSize: 1.00 GB
 - commit_granule_bytes: 65536.
 - commit_granule_words: 8192.
 - virtual_space_node_default_size: 1048576.
 - enlarge_chunks_in_place: 1.
 - new_chunks_are_fully_committed: 0.
 - uncommit_free_chunks: 1.
 - use_allocation_guard: 0.
 - handle_deallocations: 1.


Internal statistics:

num_allocs_failed_limit: 0.
num_arena_births: 56.
num_arena_deaths: 0.
num_vsnodes_births: 2.
num_vsnodes_deaths: 0.
num_space_committed: 76.
num_space_uncommitted: 0.
num_chunks_returned_to_freelist: 0.
num_chunks_taken_from_freelist: 114.
num_chunk_merges: 0.
num_chunk_splits: 75.
num_chunks_enlarged: 51.
num_purges: 0.

CodeHeap 'non-profiled nmethods': size=120028Kb used=248Kb max_used=248Kb free=119779Kb
 bounds [0x000000011f5b1000, 0x000000011f821000, 0x0000000126ae8000]
CodeHeap 'profiled nmethods': size=120028Kb used=1383Kb max_used=1383Kb free=118644Kb
 bounds [0x000000011807a000, 0x00000001182ea000, 0x000000011f5b1000]
CodeHeap 'non-nmethods': size=5704Kb used=1179Kb max_used=1198Kb free=4524Kb
 bounds [0x0000000117ae8000, 0x0000000117d58000, 0x000000011807a000]
 total_blobs=1248 nmethods=772 adapters=391
 compilation: enabled
              stopped_count=0, restarted_count=0
 full_count=0

Compilation events (20 events):
Event: 1.296 Thread 0x00007fa947826600 nmethod 762 0x00000001181cfd10 code [0x00000001181cfec0, 0x00000001181d0080]
Event: 1.296 Thread 0x00007fa947826600  763       3       jdk.internal.loader.BuiltinClassLoader::loadClass (22 bytes)
Event: 1.296 Thread 0x00007fa947826600 nmethod 763 0x00000001181d0110 code [0x00000001181d02c0, 0x00000001181d0570]
Event: 1.450 Thread 0x00007fa947826600  764       3       java.io.InputStream::<init> (5 bytes)
Event: 1.451 Thread 0x00007fa947826600 nmethod 764 0x00000001181d0690 code [0x00000001181d0840, 0x00000001181d0990]
Event: 1.462 Thread 0x00007fa94881e000  765       4       java.util.HashMap::put (13 bytes)
Event: 1.462 Thread 0x00007fa947826600  766       3       jdk.internal.loader.ClassLoaders$AppClassLoader::loadClass (40 bytes)
Event: 1.464 Thread 0x00007fa947826600 nmethod 766 0x00000001181d0a90 code [0x00000001181d0ce0, 0x00000001181d1630]
Event: 1.464 Thread 0x00007fa947826600  767       3       java.util.ArrayDeque::pollFirst (36 bytes)
Event: 1.464 Thread 0x00007fa947826600 nmethod 767 0x00000001181d1990 code [0x00000001181d1b60, 0x00000001181d1f90]
Event: 1.476 Thread 0x00007fa947826600  768       3       java.nio.Buffer::remaining (20 bytes)
Event: 1.477 Thread 0x00007fa947826600 nmethod 768 0x00000001181d2110 code [0x00000001181d22c0, 0x00000001181d2450]
Event: 1.477 Thread 0x00007fa947826600  769       3       java.lang.ref.Cleaner::register (25 bytes)
Event: 1.477 Thread 0x00007fa947826600 nmethod 769 0x00000001181d2510 code [0x00000001181d2700, 0x00000001181d2c60]
Event: 1.477 Thread 0x00007fa947826600  770       3       jdk.internal.ref.CleanerImpl$PhantomCleanableRef::<init> (12 bytes)
Event: 1.477 Thread 0x00007fa947826600 nmethod 770 0x00000001181d2e90 code [0x00000001181d3040, 0x00000001181d31e0]
Event: 1.480 Thread 0x00007fa947826600  771       3       jdk.internal.access.SharedSecrets::javaUtilJarAccess (15 bytes)
Event: 1.480 Thread 0x00007fa947826600 nmethod 771 0x00000001181d3290 code [0x00000001181d3480, 0x00000001181d3840]
Event: 1.485 Thread 0x00007fa947826600  772       3       java.util.IdentityHashMap::isEmpty (13 bytes)
Event: 1.486 Thread 0x00007fa947826600 nmethod 772 0x00000001181d3a10 code [0x00000001181d3ba0, 0x00000001181d3d10]

GC Heap History (0 events):
No events

Deoptimization events (20 events):
Event: 0.470 Thread 0x00007fa94880b000 Uncommon trap: trap_request=0xffffff45 fr.pc=0x000000011f5d4060 relative=0x00000000000001c0
Event: 0.470 Thread 0x00007fa94880b000 Uncommon trap: reason=unstable_if action=reinterpret pc=0x000000011f5d4060 method=java.lang.String.startsWith(Ljava/lang/String;I)Z @ 1 c2
Event: 0.470 Thread 0x00007fa94880b000 DEOPT PACKING pc=0x000000011f5d4060 sp=0x00000003045d4560
Event: 0.470 Thread 0x00007fa94880b000 DEOPT UNPACKING pc=0x0000000117b3541e sp=0x00000003045d44e8 mode 2
Event: 0.483 Thread 0x00007fa94880b000 Uncommon trap: trap_request=0xffffff45 fr.pc=0x000000011f5bc888 relative=0x0000000000000888
Event: 0.483 Thread 0x00007fa94880b000 Uncommon trap: reason=unstable_if action=reinterpret pc=0x000000011f5bc888 method=java.util.HashMap.putVal(ILjava/lang/Object;Ljava/lang/Object;ZZ)Ljava/lang/Object; @ 181 c2
Event: 0.483 Thread 0x00007fa94880b000 DEOPT PACKING pc=0x000000011f5bc888 sp=0x00000003045d4b40
Event: 0.483 Thread 0x00007fa94880b000 DEOPT UNPACKING pc=0x0000000117b3541e sp=0x00000003045d4ae0 mode 2
Event: 0.517 Thread 0x00007fa94880b000 DEOPT PACKING pc=0x000000011813ec6e sp=0x00000003045d1e20
Event: 0.517 Thread 0x00007fa94880b000 DEOPT UNPACKING pc=0x0000000117b35b9b sp=0x00000003045d1290 mode 0
Event: 0.520 Thread 0x00007fa94880b000 DEOPT PACKING pc=0x000000011813ec6e sp=0x00000003045d3920
Event: 0.520 Thread 0x00007fa94880b000 DEOPT UNPACKING pc=0x0000000117b35b9b sp=0x00000003045d2d90 mode 0
Event: 0.529 Thread 0x00007fa94880b000 DEOPT PACKING pc=0x000000011813ec6e sp=0x00000003045d2a50
Event: 0.529 Thread 0x00007fa94880b000 DEOPT UNPACKING pc=0x0000000117b35b9b sp=0x00000003045d1ec0 mode 0
Event: 0.981 Thread 0x00007fa94880b000 Uncommon trap: trap_request=0xffffff45 fr.pc=0x000000011f5cd50c relative=0x000000000000026c
Event: 0.981 Thread 0x00007fa94880b000 Uncommon trap: reason=unstable_if action=reinterpret pc=0x000000011f5cd50c method=java.util.StringTokenizer.scanToken(I)I @ 42 c2
Event: 0.981 Thread 0x00007fa94880b000 DEOPT PACKING pc=0x000000011f5cd50c sp=0x00000003045d55d0
Event: 0.981 Thread 0x00007fa94880b000 DEOPT UNPACKING pc=0x0000000117b3541e sp=0x00000003045d5580 mode 2
Event: 0.989 Thread 0x00007fa94880b000 DEOPT PACKING pc=0x000000011813ec6e sp=0x00000003045d44b0
Event: 0.989 Thread 0x00007fa94880b000 DEOPT UNPACKING pc=0x0000000117b35b9b sp=0x00000003045d3920 mode 0

Classes unloaded (0 events):
No events

Classes redefined (0 events):
No events

Internal exceptions (18 events):
Event: 0.351 Thread 0x00007fa948896000 Exception <a 'java/lang/NoSuchMethodError'{0x0000000787b13a70}: 'java.lang.Object java.lang.invoke.DirectMethodHandle$Holder.invokeStatic(java.lang.Object)'> (0x0000000787b13a70) 
thrown [src/hotspot/share/interpreter/linkResolver.cpp, line 790]
Event: 0.352 Thread 0x00007fa948896000 Exception <a 'java/lang/NoSuchMethodError'{0x0000000787b18d10}: 'java.lang.Object java.lang.invoke.DirectMethodHandle$Holder.invokeStaticInit(java.lang.Object)'> (0x0000000787b18d10) 
thrown [src/hotspot/share/interpreter/linkResolver.cpp, line 790]
Event: 0.369 Thread 0x00007fa948896000 Exception <a 'java/lang/NoSuchMethodError'{0x0000000787b49c10}: 'void java.lang.invoke.DirectMethodHandle$Holder.invokeStatic(java.lang.Object, java.lang.Object)'> (0x0000000787b49c10) 
thrown [src/hotspot/share/interpreter/linkResolver.cpp, line 790]
Event: 0.541 Thread 0x00007fa94880b000 Exception <a 'java/lang/ClassNotFoundException'{0x000000078788f8a0}: sun/awt/resources/spi/awtProvider> (0x000000078788f8a0) 
thrown [src/hotspot/share/classfile/systemDictionary.cpp, line 256]
Event: 0.588 Thread 0x00007fa94880b000 Exception <a 'java/io/FileNotFoundException'{0x00000007878efab8}> (0x00000007878efab8) 
thrown [src/hotspot/share/prims/jni.cpp, line 579]
Event: 0.619 Thread 0x00007fa94880b000 Exception <a 'java/io/FileNotFoundException'{0x0000000787720820}> (0x0000000787720820) 
thrown [src/hotspot/share/prims/jni.cpp, line 579]
Event: 0.623 Thread 0x00007fa94880b000 Exception <a 'java/lang/ClassNotFoundException'{0x0000000787741d28}: sun/awt/resources/spi/awtosxProvider> (0x0000000787741d28) 
thrown [src/hotspot/share/classfile/systemDictionary.cpp, line 256]
Event: 0.636 Thread 0x00007fa94880b000 Exception <a 'java/lang/NoSuchMethodError'{0x000000078775ae88}: 'void java.lang.invoke.DirectMethodHandle$Holder.invokeSpecial(java.lang.Object, java.lang.Object, java.lang.Object)'> (0x000000078775ae88) 
thrown [src/hotspot/share/interpreter/linkResolver.cpp, line 790]
Event: 0.977 Thread 0x00007fa94880b000 Exception <a 'java/lang/NoSuchMethodError'{0x00000007877974d8}: 'java.lang.Object java.lang.invoke.DirectMethodHandle$Holder.invokeInterface(java.lang.Object, java.lang.Object)'> (0x00000007877974d8) 
thrown [src/hotspot/share/interpreter/linkResolver.cpp, line 790]
Event: 0.978 Thread 0x00007fa94880b000 Exception <a 'java/lang/IncompatibleClassChangeError'{0x000000078779aff8}: Found class java.lang.Object, but interface was expected> (0x000000078779aff8) 
thrown [src/hotspot/share/interpreter/linkResolver.cpp, line 857]
Event: 1.068 Thread 0x00007fa94880b000 Exception <a 'org/lwjgl/LWJGLException'{0x0000000787699010}: Could not load OpenAL library> (0x0000000787699010) 
thrown [src/hotspot/share/prims/jni.cpp, line 600]
Event: 1.069 Thread 0x00007fa94880b000 Exception <a 'org/lwjgl/LWJGLException'{0x00000007876994f0}: Could not load OpenAL library> (0x00000007876994f0) 
thrown [src/hotspot/share/prims/jni.cpp, line 600]
Event: 1.069 Thread 0x00007fa94880b000 Exception <a 'org/lwjgl/LWJGLException'{0x0000000787699988}: Could not load OpenAL library> (0x0000000787699988) 
thrown [src/hotspot/share/prims/jni.cpp, line 600]
Event: 1.069 Thread 0x00007fa94880b000 Exception <a 'org/lwjgl/LWJGLException'{0x0000000787699e40}: Could not load OpenAL library> (0x0000000787699e40) 
thrown [src/hotspot/share/prims/jni.cpp, line 600]
Event: 1.069 Thread 0x00007fa94880b000 Exception <a 'org/lwjgl/LWJGLException'{0x000000078769a2f0}: Could not load OpenAL library> (0x000000078769a2f0) 
thrown [src/hotspot/share/prims/jni.cpp, line 600]
Event: 1.069 Thread 0x00007fa94880b000 Exception <a 'org/lwjgl/LWJGLException'{0x000000078769a758}: Could not load OpenAL library> (0x000000078769a758) 
thrown [src/hotspot/share/prims/jni.cpp, line 600]
Event: 1.069 Thread 0x00007fa94880b000 Exception <a 'org/lwjgl/LWJGLException'{0x000000078769aba0}: Could not load OpenAL library> (0x000000078769aba0) 
thrown [src/hotspot/share/prims/jni.cpp, line 600]
Event: 1.069 Thread 0x00007fa94880b000 Exception <a 'org/lwjgl/LWJGLException'{0x000000078769b0b8}: Could not load OpenAL library> (0x000000078769b0b8) 
thrown [src/hotspot/share/prims/jni.cpp, line 600]

Events (20 events):
Event: 1.474 loading class java/awt/image/RenderedImage
Event: 1.474 loading class java/awt/image/RenderedImage done
Event: 1.474 loading class java/awt/image/WritableRenderedImage done
Event: 1.474 loading class java/awt/Transparency
Event: 1.474 loading class java/awt/Transparency done
Event: 1.474 loading class java/awt/image/BufferedImage done
Event: 1.475 loading class org/lwjgl/opengl/MacOSXNativeKeyboard
Event: 1.475 loading class org/lwjgl/opengl/MacOSXNativeKeyboard done
Event: 1.477 loading class org/lwjgl/opengl/ContextGL
Event: 1.477 loading class org/lwjgl/opengl/ContextGL done
Event: 1.477 loading class org/lwjgl/opengl/ContextImplementation
Event: 1.477 loading class org/lwjgl/opengl/ContextImplementation done
Event: 1.478 loading class org/lwjgl/opengl/MacOSXContextImplementation
Event: 1.478 loading class org/lwjgl/opengl/MacOSXContextImplementation done
Event: 1.479 loading class org/lwjgl/opengl/GLContext
Event: 1.479 loading class org/lwjgl/opengl/GLContext done
Event: 1.479 loading class java/lang/NumberFormatException
Event: 1.479 loading class java/lang/NumberFormatException done
Event: 1.480 loading class org/lwjgl/opengl/GLContext$CapabilitiesCacheEntry
Event: 1.480 loading class org/lwjgl/opengl/GLContext$CapabilitiesCacheEntry done


Dynamic libraries:
0x00007ffdfff6d000 	/usr/libexec/rosetta/runtime
0x00000001080bc000 	/Library/Apple/usr/libexec/oah/libRosettaRuntime
0x00007fff2a596000 	/usr/lib/libz.1.dylib
0x00000001085bc000 	/Users/jasonsomoglou/Library/Java/JavaVirtualMachines/corretto-16.0.2/Contents/Home/lib/libjli.dylib
0x00007fff35128000 	/System/Library/Frameworks/Cocoa.framework/Versions/A/Cocoa
0x00007fff220cb000 	/System/Library/Frameworks/Security.framework/Versions/A/Security
0x00007fff33330000 	/System/Library/Frameworks/ApplicationServices.framework/Versions/A/ApplicationServices
0x00007fff2a662000 	/usr/lib/libSystem.B.dylib
0x00007fff2a65c000 	/usr/lib/system/libcache.dylib
0x00007fff2a618000 	/usr/lib/system/libcommonCrypto.dylib
0x00007fff2a642000 	/usr/lib/system/libcompiler_rt.dylib
0x00007fff2a637000 	/usr/lib/system/libcopyfile.dylib
0x00007fff2009a000 	/usr/lib/system/libcorecrypto.dylib
0x00007fff20165000 	/usr/lib/system/libdispatch.dylib
0x00007fff20318000 	/usr/lib/system/libdyld.dylib
0x00007fff2a653000 	/usr/lib/system/libkeymgr.dylib
0x00007fff2dbc0000 	/usr/lib/system/liblaunch.dylib
0x00007fff2a5f6000 	/usr/lib/system/libmacho.dylib
0x00007fff29dea000 	/usr/lib/system/libquarantine.dylib
0x00007fff2a650000 	/usr/lib/system/libremovefile.dylib
0x00007fff24aa6000 	/usr/lib/system/libsystem_asl.dylib
0x00007fff2004a000 	/usr/lib/system/libsystem_blocks.dylib
0x00007fff201e7000 	/usr/lib/system/libsystem_c.dylib
0x00007fff2a64a000 	/usr/lib/system/libsystem_collections.dylib
0x00007fff291e2000 	/usr/lib/system/libsystem_configuration.dylib
0x00007fff284ca000 	/usr/lib/system/libsystem_containermanager.dylib
0x00007fff2a395000 	/usr/lib/system/libsystem_coreservices.dylib
0x00007fff22683000 	/usr/lib/system/libsystem_darwin.dylib
0x00007fff2a654000 	/usr/lib/system/libsystem_dnssd.dylib
0x00007fff201e4000 	/usr/lib/system/libsystem_featureflags.dylib
0x00007fff2035e000 	/usr/lib/system/libsystem_info.dylib
0x00007fff2a5a9000 	/usr/lib/system/libsystem_m.dylib
0x00007fff20138000 	/usr/lib/system/libsystem_malloc.dylib
0x00007fff24a39000 	/usr/lib/system/libsystem_networkextension.dylib
0x00007fff22aa2000 	/usr/lib/system/libsystem_notify.dylib
0x00007fff30057000 	/usr/lib/system/libsystem_product_info_filter.dylib
0x00007fff291e6000 	/usr/lib/system/libsystem_sandbox.dylib
0x00007fff2a64d000 	/usr/lib/system/libsystem_secinit.dylib
0x00007fff202dc000 	/usr/lib/system/libsystem_kernel.dylib
0x00007fff20354000 	/usr/lib/system/libsystem_platform.dylib
0x00007fff2030c000 	/usr/lib/system/libsystem_pthread.dylib
0x00007fff261b7000 	/usr/lib/system/libsystem_symptoms.dylib
0x00007fff20082000 	/usr/lib/system/libsystem_trace.dylib
0x00007fff2a624000 	/usr/lib/system/libunwind.dylib
0x00007fff2004c000 	/usr/lib/system/libxpc.dylib
0x00007fff202c6000 	/usr/lib/libc++abi.dylib
0x00007fff201aa000 	/usr/lib/libobjc.A.dylib
0x00007fff2a62f000 	/usr/lib/liboah.dylib
0x00007fff20270000 	/usr/lib/libc++.1.dylib
0x00007fff2038a000 	/System/Library/Frameworks/CoreFoundation.framework/Versions/A/CoreFoundation
0x00007fff21063000 	/System/Library/Frameworks/Foundation.framework/Versions/C/Foundation
0x00007fff22afc000 	/System/Library/Frameworks/AppKit.framework/Versions/C/AppKit
0x00007fff259e7000 	/System/Library/Frameworks/CoreData.framework/Versions/A/CoreData
0x00007fff23847000 	/System/Library/PrivateFrameworks/UIFoundation.framework/Versions/A/UIFoundation
0x00007fff2fdea000 	/System/Library/PrivateFrameworks/RemoteViewServices.framework/Versions/A/RemoteViewServices
0x00007fff28b90000 	/System/Library/PrivateFrameworks/XCTTargetBootstrap.framework/Versions/A/XCTTargetBootstrap
0x00007fff2b8e2000 	/usr/lib/libspindump.dylib
0x00007fff23a96000 	/System/Library/Frameworks/UniformTypeIdentifiers.framework/Versions/A/UniformTypeIdentifiers
0x00007fff27394000 	/usr/lib/libapp_launch_measurement.dylib
0x00007fff27397000 	/System/Library/PrivateFrameworks/CoreAutoLayout.framework/Versions/A/CoreAutoLayout
0x00007fff284f7000 	/System/Library/Frameworks/Metal.framework/Versions/A/Metal
0x00007fff291f1000 	/usr/lib/liblangid.dylib
0x00007fff28b94000 	/System/Library/PrivateFrameworks/CoreSVG.framework/Versions/A/CoreSVG
0x00007fff24ad6000 	/System/Library/PrivateFrameworks/SkyLight.framework/Versions/A/SkyLight
0x00007fff24e3c000 	/System/Library/Frameworks/CoreGraphics.framework/Versions/A/CoreGraphics
0x00007fff30311000 	/System/Library/Frameworks/Accelerate.framework/Versions/A/Accelerate
0x00007fff2b320000 	/System/Library/PrivateFrameworks/IconServices.framework/Versions/A/IconServices
0x00007fff284db000 	/System/Library/Frameworks/IOSurface.framework/Versions/A/IOSurface
0x00007fff2637b000 	/usr/lib/libDiagnosticMessagesClient.dylib
0x00007fff28b7c000 	/System/Library/PrivateFrameworks/DFRFoundation.framework/Versions/A/DFRFoundation
0x00007fff22423000 	/usr/lib/libicucore.A.dylib
0x00007fff2ce29000 	/System/Library/Frameworks/AudioToolbox.framework/Versions/A/AudioToolbox
0x00007fff2c0b1000 	/System/Library/PrivateFrameworks/DataDetectorsCore.framework/Versions/A/DataDetectorsCore
0x00007fff24a49000 	/usr/lib/libMobileGestalt.dylib
0x00007fff28880000 	/System/Library/Frameworks/Carbon.framework/Versions/A/Frameworks/HIToolbox.framework/Versions/A/HIToolbox
0x00007fff26dd9000 	/System/Library/Frameworks/QuartzCore.framework/Versions/A/QuartzCore
0x00007fff2fe22000 	/System/Library/Frameworks/Carbon.framework/Versions/A/Frameworks/SpeechRecognition.framework/Versions/A/SpeechRecognition
0x00007fff270f9000 	/System/Library/PrivateFrameworks/CoreUI.framework/Versions/A/CoreUI
0x00007fff21a39000 	/System/Library/Frameworks/CoreAudio.framework/Versions/A/CoreAudio
0x00007fff26466000 	/System/Library/Frameworks/DiskArbitration.framework/Versions/A/DiskArbitration
0x00007fff2bcaf000 	/System/Library/PrivateFrameworks/MultitouchSupport.framework/Versions/A/MultitouchSupport
0x00007fff2c0a8000 	/System/Library/PrivateFrameworks/InternationalSupport.framework/Versions/A/InternationalSupport
0x00007fff24a48000 	/usr/lib/libenergytrace.dylib
0x00007fff229f3000 	/System/Library/Frameworks/IOKit.framework/Versions/A/IOKit
0x00007fff30155000 	/System/Library/Frameworks/CoreServices.framework/Versions/A/CoreServices
0x00007fff27326000 	/System/Library/PrivateFrameworks/PerformanceAnalysis.framework/Versions/A/PerformanceAnalysis
0x00007fff6bcce000 	/System/Library/Frameworks/OpenGL.framework/Versions/A/OpenGL
0x00007fff2c12c000 	/System/Library/PrivateFrameworks/UserActivity.framework/Versions/A/UserActivity
0x00007fff254ee000 	/System/Library/Frameworks/ColorSync.framework/Versions/A/ColorSync
0x00007fff28dff000 	/System/Library/Frameworks/CoreImage.framework/Versions/A/CoreImage
0x00007fff21853000 	/System/Library/Frameworks/CoreText.framework/Versions/A/CoreText
0x00007fff28bbe000 	/System/Library/Frameworks/ImageIO.framework/Versions/A/ImageIO
0x00007fff2a668000 	/System/Library/PrivateFrameworks/SoftLinking.framework/Versions/A/SoftLinking
0x00007fff273df000 	/usr/lib/libxml2.2.dylib
0x00007fff2a8d5000 	/usr/lib/libcompression.dylib
0x00007fff2bfda000 	/System/Library/PrivateFrameworks/TextureIO.framework/Versions/A/TextureIO
0x00007fff2afc5000 	/usr/lib/libate.dylib
0x00007fff2acf1000 	/usr/lib/liblzma.5.dylib
0x00007fff20d77000 	/System/Library/Frameworks/SystemConfiguration.framework/Versions/A/SystemConfiguration
0x00007fff2a664000 	/usr/lib/libfakelink.dylib
0x00007fff2459a000 	/System/Library/Frameworks/CFNetwork.framework/Versions/A/CFNetwork
0x00007fff2a7a4000 	/usr/lib/libarchive.2.dylib
0x00007fff20df5000 	/usr/lib/libCRFSuite.dylib
0x00007fff29e11000 	/usr/lib/libbsm.0.dylib
0x00007fff23f13000 	/usr/lib/libnetwork.dylib
0x00007fff2a669000 	/usr/lib/libpcap.A.dylib
0x00007fff261b0000 	/usr/lib/libdns_services.dylib
0x00007fff2ad0a000 	/usr/lib/libcoretls_cfhelpers.dylib
0x00007fff2a8a3000 	/usr/lib/libapple_nghttp2.dylib
0x00007fff2a5fc000 	/usr/lib/system/libkxld.dylib
0x00007fff25e2e000 	/usr/lib/libsqlite3.dylib
0x00007fff2a378000 	/System/Library/PrivateFrameworks/AppleFSCompression.framework/Versions/A/AppleFSCompression
0x00007fff29df9000 	/usr/lib/libcoretls.dylib
0x00007fff2a8d0000 	/usr/lib/libpam.2.dylib
0x00007fff2ae08000 	/usr/lib/libxar.1.dylib
0x00007fff291ed000 	/System/Library/PrivateFrameworks/AppleSystemInfo.framework/Versions/A/AppleSystemInfo
0x00007fff29a3b000 	/System/Library/PrivateFrameworks/IOMobileFramebuffer.framework/Versions/A/IOMobileFramebuffer
0x00007fff2a388000 	/usr/lib/libbz2.1.0.dylib
0x00007fff2a6a1000 	/usr/lib/libiconv.2.dylib
0x00007fff2a5f5000 	/usr/lib/libcharset.1.dylib
0x00007fff27362000 	/System/Library/Frameworks/CoreServices.framework/Versions/A/Frameworks/FSEvents.framework/Versions/A/FSEvents
0x00007fff2268d000 	/System/Library/Frameworks/CoreServices.framework/Versions/A/Frameworks/CarbonCore.framework/Versions/A/CarbonCore
0x00007fff263cb000 	/System/Library/Frameworks/CoreServices.framework/Versions/A/Frameworks/Metadata.framework/Versions/A/Metadata
0x00007fff2a39a000 	/System/Library/Frameworks/CoreServices.framework/Versions/A/Frameworks/OSServices.framework/Versions/A/OSServices
0x00007fff2a816000 	/System/Library/Frameworks/CoreServices.framework/Versions/A/Frameworks/SearchKit.framework/Versions/A/SearchKit
0x00007fff2613b000 	/System/Library/Frameworks/CoreServices.framework/Versions/A/Frameworks/AE.framework/Versions/A/AE
0x00007fff20828000 	/System/Library/Frameworks/CoreServices.framework/Versions/A/Frameworks/LaunchServices.framework/Versions/A/LaunchServices
0x00007fff2aca1000 	/System/Library/Frameworks/CoreServices.framework/Versions/A/Frameworks/DictionaryServices.framework/Versions/A/DictionaryServices
0x00007fff2736f000 	/System/Library/Frameworks/CoreServices.framework/Versions/A/Frameworks/SharedFileList.framework/Versions/A/SharedFileList
0x00007fff29ded000 	/usr/lib/libCheckFix.dylib
0x00007fff24abd000 	/System/Library/PrivateFrameworks/TCC.framework/Versions/A/TCC
0x00007fff291f3000 	/System/Library/PrivateFrameworks/CoreNLP.framework/Versions/A/CoreNLP
0x00007fff2637e000 	/System/Library/PrivateFrameworks/MetadataUtilities.framework/Versions/A/MetadataUtilities
0x00007fff20e2a000 	/usr/lib/libmecabra.dylib
0x00007fff2a0f7000 	/System/Library/Frameworks/MLCompute.framework/Versions/A/MLCompute
0x00007fff29e22000 	/usr/lib/libmecab.dylib
0x00007fff29e6c000 	/usr/lib/libgermantok.dylib
0x00007fff2a87e000 	/usr/lib/libThaiTokenizer.dylib
0x00007fff2ae43000 	/usr/lib/libChineseTokenizer.dylib
0x00007fff2a8ce000 	/System/Library/Frameworks/MetalPerformanceShaders.framework/Versions/A/MetalPerformanceShaders
0x00007fff2646d000 	/System/Library/Frameworks/Accelerate.framework/Versions/A/Frameworks/vImage.framework/Versions/A/vImage
0x00007fff3012f000 	/System/Library/Frameworks/Accelerate.framework/Versions/A/Frameworks/vecLib.framework/Versions/A/vecLib
0x00007fff2ae4e000 	/System/Library/Frameworks/Accelerate.framework/Versions/A/Frameworks/vecLib.framework/Versions/A/libvMisc.dylib
0x00007fff2989b000 	/System/Library/Frameworks/Accelerate.framework/Versions/A/Frameworks/vecLib.framework/Versions/A/libvDSP.dylib
0x00007fff20b33000 	/System/Library/Frameworks/Accelerate.framework/Versions/A/Frameworks/vecLib.framework/Versions/A/libBLAS.dylib
0x00007fff2a8fc000 	/System/Library/Frameworks/Accelerate.framework/Versions/A/Frameworks/vecLib.framework/Versions/A/libLAPACK.dylib
0x00007fff29e72000 	/System/Library/Frameworks/Accelerate.framework/Versions/A/Frameworks/vecLib.framework/Versions/A/libLinearAlgebra.dylib
0x00007fff2a8bb000 	/System/Library/Frameworks/Accelerate.framework/Versions/A/Frameworks/vecLib.framework/Versions/A/libSparseBLAS.dylib
0x00007fff2a8f6000 	/System/Library/Frameworks/Accelerate.framework/Versions/A/Frameworks/vecLib.framework/Versions/A/libQuadrature.dylib
0x00007fff2929f000 	/System/Library/Frameworks/Accelerate.framework/Versions/A/Frameworks/vecLib.framework/Versions/A/libBNNS.dylib
0x00007fff20d08000 	/System/Library/Frameworks/Accelerate.framework/Versions/A/Frameworks/vecLib.framework/Versions/A/libSparse.dylib
0x00007fff2917b000 	/System/Library/Frameworks/MetalPerformanceShaders.framework/Versions/A/Frameworks/MPSCore.framework/Versions/A/MPSCore
0x00007fff2a2e7000 	/System/Library/Frameworks/MetalPerformanceShaders.framework/Versions/A/Frameworks/MPSImage.framework/Versions/A/MPSImage
0x00007fff29e88000 	/System/Library/Frameworks/MetalPerformanceShaders.framework/Versions/A/Frameworks/MPSNeuralNetwork.framework/Versions/A/MPSNeuralNetwork
0x00007fff2a259000 	/System/Library/Frameworks/MetalPerformanceShaders.framework/Versions/A/Frameworks/MPSMatrix.framework/Versions/A/MPSMatrix
0x00007fff2a0a7000 	/System/Library/Frameworks/MetalPerformanceShaders.framework/Versions/A/Frameworks/MPSRayIntersector.framework/Versions/A/MPSRayIntersector
0x00007fff2a290000 	/System/Library/Frameworks/MetalPerformanceShaders.framework/Versions/A/Frameworks/MPSNDArray.framework/Versions/A/MPSNDArray
0x00007fff20a5e000 	/System/Library/PrivateFrameworks/MetalTools.framework/Versions/A/MetalTools
0x00007fff291eb000 	/System/Library/PrivateFrameworks/AggregateDictionary.framework/Versions/A/AggregateDictionary
0x00007fff2634b000 	/System/Library/PrivateFrameworks/CoreAnalytics.framework/Versions/A/CoreAnalytics
0x00007fff2a880000 	/System/Library/PrivateFrameworks/AppleSauce.framework/Versions/A/AppleSauce
0x00007fff284ed000 	/System/Library/PrivateFrameworks/IOAccelerator.framework/Versions/A/IOAccelerator
0x00007fff6bcc2000 	/System/Library/Frameworks/OpenGL.framework/Versions/A/Libraries/libCoreFSCache.dylib
0x00007fff213c2000 	/System/Library/PrivateFrameworks/LanguageModeling.framework/Versions/A/LanguageModeling
0x00007fff29a29000 	/System/Library/PrivateFrameworks/CoreEmoji.framework/Versions/A/CoreEmoji
0x00007fff29298000 	/System/Library/PrivateFrameworks/LinguisticData.framework/Versions/A/LinguisticData
0x00007fff20cba000 	/System/Library/PrivateFrameworks/Lexicon.framework/Versions/A/Lexicon
0x00007fff2a792000 	/usr/lib/libcmph.dylib
0x00007fff27342000 	/System/Library/Frameworks/OpenDirectory.framework/Versions/A/Frameworks/CFOpenDirectory.framework/Versions/A/CFOpenDirectory
0x00007fff27332000 	/System/Library/Frameworks/OpenDirectory.framework/Versions/A/OpenDirectory
0x00007fff2ad0c000 	/System/Library/PrivateFrameworks/APFS.framework/Versions/A/APFS
0x00007fff29d4f000 	/System/Library/Frameworks/SecurityFoundation.framework/Versions/A/SecurityFoundation
0x00007fff2ae16000 	/usr/lib/libutil.dylib
0x00007fff229b8000 	/System/Library/PrivateFrameworks/CoreServicesStore.framework/Versions/A/CoreServicesStore
0x00007fff29de5000 	/System/Library/Frameworks/ServiceManagement.framework/Versions/A/ServiceManagement
0x00007fff2ae1a000 	/usr/lib/libxslt.1.dylib
0x00007fff29ddb000 	/System/Library/PrivateFrameworks/BackgroundTaskManagement.framework/Versions/A/BackgroundTaskManagement
0x00007fff2bf25000 	/System/Library/Frameworks/ImageIO.framework/Versions/A/Resources/libRadiance.dylib
0x00007fff2bf2e000 	/System/Library/Frameworks/ImageIO.framework/Versions/A/Resources/libJPEG.dylib
0x00007fff2be79000 	/System/Library/Frameworks/ImageIO.framework/Versions/A/Resources/libPng.dylib
0x00007fff2bea0000 	/System/Library/Frameworks/ImageIO.framework/Versions/A/Resources/libTIFF.dylib
0x00007fff2bf83000 	/System/Library/Frameworks/ImageIO.framework/Versions/A/Resources/libGIF.dylib
0x00007fff2bbcc000 	/System/Library/Frameworks/ImageIO.framework/Versions/A/Resources/libJP2.dylib
0x00007fff2b2e8000 	/usr/lib/libexpat.1.dylib
0x00007fff2bb82000 	/System/Library/PrivateFrameworks/AppleJPEG.framework/Versions/A/AppleJPEG
0x00007fff28723000 	/System/Library/PrivateFrameworks/FontServices.framework/libFontParser.dylib
0x00007fff260f2000 	/System/Library/PrivateFrameworks/RunningBoardServices.framework/Versions/A/RunningBoardServices
0x00007fff2bcab000 	/System/Library/PrivateFrameworks/WatchdogClient.framework/Versions/A/WatchdogClient
0x00007fff214ab000 	/System/Library/Frameworks/CoreDisplay.framework/Versions/A/CoreDisplay
0x00007fff28638000 	/System/Library/Frameworks/CoreMedia.framework/Versions/A/CoreMedia
0x00007fff274c2000 	/System/Library/Frameworks/CoreVideo.framework/Versions/A/CoreVideo
0x00007fff2bce6000 	/System/Library/Frameworks/VideoToolbox.framework/Versions/A/VideoToolbox
0x00007fff26072000 	/System/Library/PrivateFrameworks/BaseBoard.framework/Versions/A/BaseBoard
0x00007fff2b42c000 	/System/Library/PrivateFrameworks/PersistentConnection.framework/Versions/A/PersistentConnection
0x00007fff25e18000 	/System/Library/PrivateFrameworks/ProtocolBuffer.framework/Versions/A/ProtocolBuffer
0x00007fff2605a000 	/System/Library/PrivateFrameworks/CommonUtilities.framework/Versions/A/CommonUtilities
0x00007fff2bb45000 	/System/Library/PrivateFrameworks/Bom.framework/Versions/A/Bom
0x00007fff2bf1d000 	/System/Library/PrivateFrameworks/GPUWrangler.framework/Versions/A/GPUWrangler
0x00007fff2bf00000 	/System/Library/PrivateFrameworks/IOPresentment.framework/Versions/A/IOPresentment
0x00007fff2bf28000 	/System/Library/PrivateFrameworks/DSExternalDisplay.framework/Versions/A/DSExternalDisplay
0x00007fff2bf88000 	/System/Library/PrivateFrameworks/CMCaptureCore.framework/Versions/A/CMCaptureCore
0x00007fff2b8c8000 	/System/Library/PrivateFrameworks/AppServerSupport.framework/Versions/A/AppServerSupport
0x00007fff2d963000 	/System/Library/PrivateFrameworks/perfdata.framework/Versions/A/perfdata
0x00007fff29d3e000 	/System/Library/PrivateFrameworks/AssertionServices.framework/Versions/A/AssertionServices
0x00007fff215e2000 	/System/Library/PrivateFrameworks/AudioToolboxCore.framework/Versions/A/AudioToolboxCore
0x00007fff2861b000 	/System/Library/PrivateFrameworks/caulk.framework/Versions/A/caulk
0x00007fff3ce0f000 	/System/Library/PrivateFrameworks/SystemPolicy.framework/Versions/A/SystemPolicy
0x00007fff2b0f7000 	/usr/lib/libIOReport.dylib
0x00007fff2d19f000 	/usr/lib/libSMC.dylib
0x00007fff2be45000 	/usr/lib/libAudioToolboxUtility.dylib
0x00007fff3d76c000 	/usr/lib/libmis.dylib
0x00007fff6bd1e000 	/System/Library/Frameworks/OpenGL.framework/Versions/A/Libraries/libGLU.dylib
0x00007fff6bce1000 	/System/Library/Frameworks/OpenGL.framework/Versions/A/Libraries/libGFXShared.dylib
0x00007fff6beef000 	/System/Library/Frameworks/OpenGL.framework/Versions/A/Libraries/libGL.dylib
0x00007fff6bcea000 	/System/Library/Frameworks/OpenGL.framework/Versions/A/Libraries/libGLImage.dylib
0x00007fff6bcde000 	/System/Library/Frameworks/OpenGL.framework/Versions/A/Libraries/libCVMSPluginSupport.dylib
0x00007fff6bcc9000 	/System/Library/Frameworks/OpenGL.framework/Versions/A/Libraries/libCoreVMClient.dylib
0x00007fff6d339000 	/System/Library/Frameworks/OpenCL.framework/Versions/A/OpenCL
0x00007fff2b455000 	/System/Library/PrivateFrameworks/GraphVisualizer.framework/Versions/A/GraphVisualizer
0x00007fff2b464000 	/System/Library/PrivateFrameworks/FaceCore.framework/Versions/A/FaceCore
0x00007fff2b880000 	/System/Library/PrivateFrameworks/OTSVG.framework/Versions/A/OTSVG
0x00007fff270b7000 	/System/Library/Frameworks/ApplicationServices.framework/Versions/A/Frameworks/ATS.framework/Versions/A/Resources/libFontRegistry.dylib
0x00007fff2b8cf000 	/System/Library/PrivateFrameworks/FontServices.framework/libhvf.dylib
0x00007fff2b294000 	/System/Library/PrivateFrameworks/AppleVA.framework/Versions/A/AppleVA
0x00007fff2cfe7000 	/System/Library/Frameworks/ApplicationServices.framework/Versions/A/Frameworks/ATS.framework/Versions/A/ATS
0x00007fff2d2fa000 	/System/Library/Frameworks/ApplicationServices.framework/Versions/A/Frameworks/ColorSyncLegacy.framework/Versions/A/ColorSyncLegacy
0x00007fff255e5000 	/System/Library/Frameworks/ApplicationServices.framework/Versions/A/Frameworks/HIServices.framework/Versions/A/HIServices
0x00007fff2d2df000 	/System/Library/Frameworks/ApplicationServices.framework/Versions/A/Frameworks/LangAnalysis.framework/Versions/A/LangAnalysis
0x00007fff2bf92000 	/System/Library/Frameworks/ApplicationServices.framework/Versions/A/Frameworks/PrintCore.framework/Versions/A/PrintCore
0x00007fff2d302000 	/System/Library/Frameworks/ApplicationServices.framework/Versions/A/Frameworks/QD.framework/Versions/A/QD
0x00007fff2cfd7000 	/System/Library/Frameworks/ApplicationServices.framework/Versions/A/Frameworks/SpeechSynthesis.framework/Versions/A/SpeechSynthesis
0x00007fff2bf53000 	/System/Library/Frameworks/ApplicationServices.framework/Versions/A/Frameworks/ATSUI.framework/Versions/A/ATSUI
0x00007fff2d27f000 	/usr/lib/libcups.2.dylib
0x00007fff2d2ef000 	/System/Library/PrivateFrameworks/NetAuth.framework/Versions/A/NetAuth
0x00007fff2d97e000 	/System/Library/Frameworks/Kerberos.framework/Versions/A/Kerberos
0x00007fff2d98e000 	/System/Library/Frameworks/GSS.framework/Versions/A/GSS
0x00007fff2d054000 	/usr/lib/libresolv.9.dylib
0x00007fff2b8e5000 	/System/Library/PrivateFrameworks/Heimdal.framework/Versions/A/Heimdal
0x00007fff33645000 	/System/Library/Frameworks/Kerberos.framework/Versions/A/Libraries/libHeimdalProxy.dylib
0x00007fff261bf000 	/System/Library/Frameworks/Network.framework/Versions/A/Network
0x00007fff2b301000 	/usr/lib/libheimdal-asn1.dylib
0x00007fff2d9df000 	/System/Library/PrivateFrameworks/CommonAuth.framework/Versions/A/CommonAuth
0x00007fff27510000 	/System/Library/PrivateFrameworks/login.framework/Versions/A/Frameworks/loginsupport.framework/Versions/A/loginsupport
0x00007fff2cf5e000 	/System/Library/PrivateFrameworks/AudioSession.framework/Versions/A/AudioSession
0x00007fff2cfc4000 	/usr/lib/libAudioStatistics.dylib
0x00007fff2b38d000 	/System/Library/PrivateFrameworks/MediaExperience.framework/Versions/A/MediaExperience
0x00007fff2cdf7000 	/System/Library/PrivateFrameworks/AudioSession.framework/libSessionUtility.dylib
0x00007fff2d96f000 	/usr/lib/libperfcheck.dylib
0x00007fff2d30e000 	/System/Library/PrivateFrameworks/AudioResourceArbitration.framework/Versions/A/AudioResourceArbitration
0x00007fff2b30b000 	/System/Library/PrivateFrameworks/IconFoundation.framework/Versions/A/IconFoundation
0x00007fff2fe12000 	/System/Library/PrivateFrameworks/SpeechRecognitionCore.framework/Versions/A/SpeechRecognitionCore
0x000000010c800000 	/Users/jasonsomoglou/Library/Java/JavaVirtualMachines/corretto-16.0.2/Contents/Home/lib/server/libjvm.dylib
0x0000000108666000 	/Users/jasonsomoglou/Library/Java/JavaVirtualMachines/corretto-16.0.2/Contents/Home/lib/libjimage.dylib
0x0000000108685000 	/Users/jasonsomoglou/Library/Java/JavaVirtualMachines/corretto-16.0.2/Contents/Home/lib/libinstrument.dylib
0x00000001086ae000 	/Users/jasonsomoglou/Library/Java/JavaVirtualMachines/corretto-16.0.2/Contents/Home/lib/libjava.dylib
0x0000000108756000 	/Users/jasonsomoglou/Library/Java/JavaVirtualMachines/corretto-16.0.2/Contents/Home/lib/libzip.dylib
0x000000012db07000 	/Users/jasonsomoglou/Library/Java/JavaVirtualMachines/corretto-16.0.2/Contents/Home/lib/libnio.dylib
0x000000012db3b000 	/Users/jasonsomoglou/Library/Java/JavaVirtualMachines/corretto-16.0.2/Contents/Home/lib/libnet.dylib
0x000000013030e000 	/Users/jasonsomoglou/Library/Java/JavaVirtualMachines/corretto-16.0.2/Contents/Home/lib/libextnet.dylib
0x0000000130361000 	/private/var/folders/xr/ynbnmsw90rz1p_9l5v61v2sr0000gn/T/libgdxjasonsomoglou/408cdd85/libgdx64.dylib
0x000000013041a000 	/Users/jasonsomoglou/Library/Java/JavaVirtualMachines/corretto-16.0.2/Contents/Home/lib/libverify.dylib
0x0000000130464000 	/Users/jasonsomoglou/Library/Java/JavaVirtualMachines/corretto-16.0.2/Contents/Home/lib/libawt.dylib
0x00000001305de000 	/Users/jasonsomoglou/Library/Java/JavaVirtualMachines/corretto-16.0.2/Contents/Home/lib/libmlib_image.dylib
0x00007fff6ec6e000 	/System/Library/Frameworks/JavaNativeFoundation.framework/Versions/A/JavaNativeFoundation
0x00007fff6ec7a000 	/System/Library/Frameworks/JavaRuntimeSupport.framework/Versions/A/JavaRuntimeSupport
0x00007fff3cb59000 	/System/Library/Frameworks/Carbon.framework/Versions/A/Carbon
0x00007fff31c83000 	/System/Library/PrivateFrameworks/CoreSymbolication.framework/Versions/A/CoreSymbolication
0x00007fff365f0000 	/System/Library/Frameworks/Carbon.framework/Versions/A/Frameworks/CommonPanels.framework/Versions/A/CommonPanels
0x00007fff330da000 	/System/Library/Frameworks/Carbon.framework/Versions/A/Frameworks/Help.framework/Versions/A/Help
0x00007fff365f4000 	/System/Library/Frameworks/Carbon.framework/Versions/A/Frameworks/ImageCapture.framework/Versions/A/ImageCapture
0x00007fff365c4000 	/System/Library/Frameworks/Carbon.framework/Versions/A/Frameworks/OpenScripting.framework/Versions/A/OpenScripting
0x00007fff365ec000 	/System/Library/Frameworks/Carbon.framework/Versions/A/Frameworks/Ink.framework/Versions/A/Ink
0x00007fff3cb55000 	/System/Library/Frameworks/Carbon.framework/Versions/A/Frameworks/Print.framework/Versions/A/Print
0x00007fff365e8000 	/System/Library/Frameworks/Carbon.framework/Versions/A/Frameworks/SecurityHI.framework/Versions/A/SecurityHI
0x00007fff31c47000 	/System/Library/PrivateFrameworks/DebugSymbols.framework/Versions/A/DebugSymbols
0x000000013072d000 	/Users/jasonsomoglou/Library/Java/JavaVirtualMachines/corretto-16.0.2/Contents/Home/lib/libawt_lwawt.dylib
0x00000001308b9000 	/Users/jasonsomoglou/Library/Java/JavaVirtualMachines/corretto-16.0.2/Contents/Home/lib/libosxapp.dylib
0x00007fff3c170000 	/System/Library/Frameworks/ExceptionHandling.framework/Versions/A/ExceptionHandling
0x000000013093e000 	/Users/jasonsomoglou/Library/Java/JavaVirtualMachines/corretto-16.0.2/Contents/Home/lib/libfontmanager.dylib
0x0000000130966000 	/Users/jasonsomoglou/Library/Java/JavaVirtualMachines/corretto-16.0.2/Contents/Home/lib/libharfbuzz.dylib
0x0000000130ced000 	/Users/jasonsomoglou/Library/Java/JavaVirtualMachines/corretto-16.0.2/Contents/Home/lib/libfreetype.dylib
0x00007fff22979000 	/System/Library/PrivateFrameworks/CoreServicesInternal.framework/Versions/A/CoreServicesInternal
0x00007fff31199000 	/System/Library/Frameworks/FileProvider.framework/Versions/A/FileProvider
0x00007fff25fdd000 	/System/Library/Frameworks/Accounts.framework/Versions/A/Accounts
0x00007fff312e9000 	/System/Library/PrivateFrameworks/GenerationalStorage.framework/Versions/A/GenerationalStorage
0x00007fff30bb9000 	/System/Library/PrivateFrameworks/SymptomDiagnosticReporter.framework/Versions/A/SymptomDiagnosticReporter
0x00007fff23aa9000 	/System/Library/PrivateFrameworks/DesktopServicesPriv.framework/Versions/A/DesktopServicesPriv
0x00007fff22aae000 	/usr/lib/libsandbox.1.dylib
0x00007fff2753b000 	/System/Library/PrivateFrameworks/UserManagement.framework/Versions/A/UserManagement
0x00007fff29d1b000 	/System/Library/PrivateFrameworks/MobileKeyBag.framework/Versions/A/MobileKeyBag
0x00007fff346c8000 	/System/Library/PrivateFrameworks/ChunkingLibrary.framework/Versions/A/ChunkingLibrary
0x00007fff2e3a2000 	/System/Library/PrivateFrameworks/Sharing.framework/Versions/A/Sharing
0x00007fff32c47000 	/System/Library/PrivateFrameworks/Apple80211.framework/Versions/A/Apple80211
0x00007fff2a3c8000 	/System/Library/PrivateFrameworks/AuthKit.framework/Versions/A/AuthKit
0x00007fff29b19000 	/System/Library/PrivateFrameworks/CoreUtils.framework/Versions/A/CoreUtils
0x00007fff29a46000 	/System/Library/Frameworks/CoreWLAN.framework/Versions/A/CoreWLAN
0x00007fff2e4ee000 	/System/Library/Frameworks/IOBluetooth.framework/Versions/A/IOBluetooth
0x00007fff32cab000 	/System/Library/PrivateFrameworks/CoreWiFi.framework/Versions/A/CoreWiFi
0x00007fff2da65000 	/System/Library/PrivateFrameworks/CorePhoneNumbers.framework/Versions/A/CorePhoneNumbers
0x00007fff30cc0000 	/System/Library/PrivateFrameworks/DiskManagement.framework/Versions/A/DiskManagement
0x00007fff30bd6000 	/System/Library/PrivateFrameworks/AppleIDAuthSupport.framework/Versions/A/AppleIDAuthSupport
0x00007fff2da45000 	/System/Library/PrivateFrameworks/KeychainCircle.framework/Versions/A/KeychainCircle
0x00007fff30c8c000 	/System/Library/PrivateFrameworks/MediaKit.framework/Versions/A/MediaKit
0x00007fff30be3000 	/System/Library/Frameworks/DiscRecording.framework/Versions/A/DiscRecording
0x00007fff2b208000 	/usr/lib/libCoreStorage.dylib
0x00007fff330e6000 	/usr/lib/libcsfde.dylib
0x00007fff2e629000 	/System/Library/PrivateFrameworks/ProtectedCloudStorage.framework/Versions/A/ProtectedCloudStorage
0x00007fff330de000 	/System/Library/PrivateFrameworks/EFILogin.framework/Versions/A/EFILogin
0x00007fff336f8000 	/System/Library/Frameworks/AudioUnit.framework/Versions/A/AudioUnit
0x00007fff30b53000 	/System/Library/Frameworks/CoreBluetooth.framework/Versions/A/CoreBluetooth
0x00007fff2b200000 	/usr/lib/libMatch.1.dylib
0x00007fff439df000 	/System/Library/CoreServices/RawCamera.bundle/Contents/MacOS/RawCamera
0x00007fff2d9f0000 	/System/Library/PrivateFrameworks/MobileAsset.framework/Versions/A/MobileAsset
0x00007fff3371c000 	/System/Library/PrivateFrameworks/StreamingZip.framework/Versions/A/StreamingZip
0x00007fff2c18a000 	/System/Library/Frameworks/MediaToolbox.framework/Versions/A/MediaToolbox
0x00007fff3116b000 	/System/Library/PrivateFrameworks/CoreAVCHD.framework/Versions/A/CoreAVCHD
0x00007fff30352000 	/System/Library/Frameworks/MediaAccessibility.framework/Versions/A/MediaAccessibility
0x00007fff31167000 	/System/Library/PrivateFrameworks/Mangrove.framework/Versions/A/Mangrove
0x00007fff3035e000 	/System/Library/PrivateFrameworks/AlgosScoreFramework.framework/Versions/A/AlgosScoreFramework
0x00007fff31b55000 	/System/Library/PrivateFrameworks/AppleVPA.framework/Versions/A/AppleVPA
0x00007fff30dac000 	/System/Library/PrivateFrameworks/CoreAUC.framework/Versions/A/CoreAUC
0x00007fff41433000 	/System/Library/Frameworks/Accelerate.framework/Versions/A/Frameworks/vImage.framework/Versions/A/Libraries/libCGInterfaces.dylib
0x000000013c989000 	/usr/lib/libobjc-trampolines.dylib
0x00007fff2723a000 	/System/Library/PrivateFrameworks/ViewBridge.framework/Versions/A/ViewBridge
0x00007fff2b9a6000 	/System/Library/PrivateFrameworks/login.framework/Versions/A/login
0x000000013f504000 	/private/var/folders/xr/ynbnmsw90rz1p_9l5v61v2sr0000gn/T/libgdxjasonsomoglou/f7649394/liblwjgl.dylib
0x000000012da93000 	/Users/jasonsomoglou/Library/Java/JavaVirtualMachines/corretto-16.0.2/Contents/Home/lib/libjawt.dylib
0x000000013f60e000 	/private/var/folders/xr/ynbnmsw90rz1p_9l5v61v2sr0000gn/T/libgdxjasonsomoglou/f7649394/openal.dylib
0x00007fff77b6d000 	/usr/lib/libRosetta.dylib
0x000000013f6f1000 	/System/Library/Components/CoreAudio.component/Contents/MacOS/CoreAudio
0x00007fff6ed26000 	/System/Library/Frameworks/OpenAL.framework/Versions/A/OpenAL
0x000000013fae4000 	/System/Library/Components/AudioDSP.component/Contents/MacOS/AudioDSP
0x00007fff3380b000 	/System/Library/PrivateFrameworks/Espresso.framework/Versions/A/Espresso
0x00007fff34f8c000 	/System/Library/PrivateFrameworks/AppleNeuralEngine.framework/Versions/A/AppleNeuralEngine
0x00007fff3400d000 	/System/Library/PrivateFrameworks/ANEServices.framework/Versions/A/ANEServices
0x00007fff6befa000 	/System/Library/Frameworks/OpenGL.framework/Versions/A/Resources/GLEngine.bundle/GLEngine
0x00007fff6bd5b000 	/System/Library/Frameworks/OpenGL.framework/Versions/A/Libraries/libGLProgrammability.dylib
0x00000001410b4000 	/System/Library/Extensions/AppleMetalOpenGLRenderer.bundle/Contents/MacOS/AppleMetalOpenGLRenderer
0x00007fff6c078000 	/System/Library/Frameworks/OpenGL.framework/Versions/A/Resources/GLRendererFloat.bundle/GLRendererFloat
0x0000000141232000 	/System/Library/Extensions/AGXMetal13_3.bundle/Contents/MacOS/AGXMetal13_3
0x00007fff3877d000 	/System/Library/PrivateFrameworks/IOGPU.framework/Versions/A/IOGPU
0x00007fff69877000 	/System/Library/PrivateFrameworks/GPUCompiler.framework/Versions/31001/Libraries/libmetal_timestamp.dylib


VM Arguments:
jvm_args: -javaagent:/Users/jasonsomoglou/Library/Caches/JetBrains/IdeaIC2021.2/testAgent/intellij-coverage-agent-1.0.589.jar=/private/var/folders/xr/ynbnmsw90rz1p_9l5v61v2sr0000gn/T/coverage1261args -Didea.new.sampling.coverage=true -Dcoverage.ignore.private.constructor.util.class=true -javaagent:/Applications/IntelliJ IDEA CE.app/Contents/lib/idea_rt.jar=62687:/Applications/IntelliJ IDEA CE.app/Contents/bin -Dfile.encoding=UTF-8 
java_command: com.mygdx.game.desktop.DesktopLauncher
java_class_path (initial): /Users/jasonsomoglou/Documents/GitHub/Project-1-2-Group-01/desktop/build/classes/java/main:/Users/jasonsomoglou/Documents/GitHub/Project-1-2-Group-01/desktop/build/resources/main:/Users/jasonsomoglou/.gradle/caches/modules-2/files-2.1/com.badlogicgames.gdx/gdx-backend-lwjgl/1.9.14/76d214441fa6faed9a4b9a2c02473f0d0a467a52/gdx-backend-lwjgl-1.9.14.jar:/Users/jasonsomoglou/.gradle/caches/modules-2/files-2.1/com.badlogicgames.gdx/gdx-platform/1.9.14/c972092618b729ebfec229c9214fb9e87861fb7a/gdx-platform-1.9.14-natives-desktop.jar:/Users/jasonsomoglou/Documents/GitHub/Project-1-2-Group-01/core/build/classes/java/main:/Users/jasonsomoglou/.gradle/caches/modules-2/files-2.1/com.badlogicgames.gdx/gdx/1.9.14/42b1ca02aabd2aa248dc0a6beb0ea0f9f003a44d/gdx-1.9.14.jar:/Users/jasonsomoglou/.gradle/caches/modules-2/files-2.1/org.lwjgl.lwjgl/lwjgl_util/2.9.3/751f06b62424da056954c67288fd5c494431e350/lwjgl_util-2.9.3.jar:/Users/jasonsomoglou/.gradle/caches/modules-2/files-2.1/org.lwjgl.lwjgl/lwjgl/2.9.3/3df168ac74e4a8c96562cdff24ad352e255bf89c/lwjgl-2.9.3.jar:/Users/jasonsomoglou/.gradle/caches/modules-2/files-2.1/com.badlogicgames.jlayer/jlayer/1.0.1-gdx/7cca83cec5c1b2f011362f4d85aabd71a73b049d/jlayer-1.0.1-gdx.jar:/Users/jasonsomoglou/.gradle/caches/modules-2/files-2.1/org.jcraft/jorbis/0.0.17/8872d22b293e8f5d7d56ff92be966e6dc28ebdc6/jorbis-0.0.17.jar:/Users/jasonsomoglou/.gradle/caches/modules-2/files-2.1/org.lwjgl.lwjgl/lwjgl-platform/2.9.3/b1eafe80093381c56415731e1d64279e6140bcd0/lwjgl-platform-2.9.3-natives-linux.jar:/Users/jasonsomoglou/.gradle/caches/modules-2/files-2.1/org.lwjgl.lwjgl/lwjgl-platform/2.9.3/6686cf6ddaa20b4290aa6599a09bc0d17369be05/lwjgl-platform-2.9.3-natives-osx.jar:/Users/jasonsomoglou/.gradle/caches/modules-2/files-2.1/org.lwjgl.lwjgl/lwjgl-platform/2.9.3/fbc2afb3e288578e9942578decb6291a490549a0/lwjgl-platform-2.9.3-natives-windows.jar:/Users/jasonsomoglou/.gradle/caches/modules-2/files-2.1/net.java.jinput/jinput/2.0.5/39c7796b469
Launcher Type: SUN_STANDARD

[Global flags]
     intx CICompilerCount                          = 4                                         {product} {ergonomic}
     uint ConcGCThreads                            = 2                                         {product} {ergonomic}
     uint G1ConcRefinementThreads                  = 8                                         {product} {ergonomic}
   size_t G1HeapRegionSize                         = 1048576                                   {product} {ergonomic}
    uintx GCDrainStackTargetSize                   = 64                                        {product} {ergonomic}
   size_t InitialHeapSize                          = 134217728                                 {product} {ergonomic}
   size_t MarkStackSize                            = 4194304                                   {product} {ergonomic}
   size_t MaxHeapSize                              = 2147483648                                {product} {ergonomic}
   size_t MaxNewSize                               = 1287651328                                {product} {ergonomic}
   size_t MinHeapDeltaBytes                        = 1048576                                   {product} {ergonomic}
   size_t MinHeapSize                              = 8388608                                   {product} {ergonomic}
    uintx NonNMethodCodeHeapSize                   = 5839372                                {pd product} {ergonomic}
    uintx NonProfiledCodeHeapSize                  = 122909434                              {pd product} {ergonomic}
    uintx ProfiledCodeHeapSize                     = 122909434                              {pd product} {ergonomic}
    uintx ReservedCodeCacheSize                    = 251658240                              {pd product} {ergonomic}
     bool SegmentedCodeCache                       = true                                      {product} {ergonomic}
   size_t SoftMaxHeapSize                          = 2147483648                             {manageable} {ergonomic}
     bool UseCompressedClassPointers               = true                           {product lp64_product} {ergonomic}
     bool UseCompressedOops                        = true                           {product lp64_product} {ergonomic}
     bool UseG1GC                                  = true                                      {product} {ergonomic}
     bool UseNUMA                                  = false                                     {product} {ergonomic}
     bool UseNUMAInterleaving                      = false                                     {product} {ergonomic}

Logging:
Log output configuration:
 #0: stdout all=warning uptime,level,tags
 #1: stderr all=off uptime,level,tags

Environment Variables:
PATH=/usr/local/bin:/usr/bin:/bin:/usr/sbin:/sbin
SHELL=/bin/zsh
LC_CTYPE=en_US.UTF-8

Signal Handlers:
SIGSEGV: [libjvm.dylib+0xaf61e0], sa_mask[0]=11100110100111111111111111111111, sa_flags=SA_ONSTACK|SA_RESTART|SA_SIGINFO
SIGBUS: [libjvm.dylib+0xaf61e0], sa_mask[0]=11100110100111111111111111111111, sa_flags=SA_RESTART|SA_SIGINFO
SIGFPE: [libjvm.dylib+0xaf61e0], sa_mask[0]=11100110100111111111111111111111, sa_flags=SA_RESTART|SA_SIGINFO
SIGPIPE: [libjvm.dylib+0x9c26a0], sa_mask[0]=11100110100111111111111111111111, sa_flags=SA_RESTART|SA_SIGINFO
SIGXFSZ: [libjvm.dylib+0x9c26a0], sa_mask[0]=11100110100111111111111111111111, sa_flags=SA_RESTART|SA_SIGINFO
SIGILL: [libjvm.dylib+0xaf61e0], sa_mask[0]=11100110100111111111111111111111, sa_flags=SA_RESTART|SA_SIGINFO
SIGUSR2: [libjvm.dylib+0x9c3100], sa_mask[0]=00100000000000000000000000000000, sa_flags=SA_RESTART|SA_SIGINFO
SIGHUP: [libjvm.dylib+0x9c1740], sa_mask[0]=11100110100111111111111111111111, sa_flags=SA_RESTART|SA_SIGINFO
SIGINT: [libjvm.dylib+0x9c1740], sa_mask[0]=11100110100111111111111111111111, sa_flags=SA_RESTART|SA_SIGINFO
SIGTERM: [libjvm.dylib+0x9c1740], sa_mask[0]=11100110100111111111111111111111, sa_flags=SA_RESTART|SA_SIGINFO
SIGQUIT: [libjvm.dylib+0x9c1740], sa_mask[0]=11100110100111111111111111111111, sa_flags=SA_RESTART|SA_SIGINFO
SIGTRAP: [libjvm.dylib+0xaf61e0], sa_mask[0]=11100110100111111111111111111111, sa_flags=SA_RESTART|SA_SIGINFO


---------------  S Y S T E M  ---------------

OS:uname: Darwin 20.6.0 Darwin Kernel Version 20.6.0: Wed Jun 23 00:26:27 PDT 2021; root:xnu-7195.141.2~5/RELEASE_ARM64_T8101 x86_64
OS uptime: 22 days 2:59 hours
rlimit (soft/hard): STACK 8176k/65520k , CORE 0k/infinity , NPROC 1333/2000 , NOFILE 10240/infinity , AS infinity/infinity , CPU infinity/infinity , DATA infinity/infinity , FSIZE infinity/infinity , MEMLOCK infinity/infinity , RSS infinity/infinity
load average: 3.96 3.35 2.55

CPU: total 8 (initial active 8) (1 cores per cpu, 1 threads per core) family 6 model 44 stepping 0 microcode 0x0, cx8, cmov, fxsr, mmx, sse, sse2, sse3, ssse3, sse4.1, sse4.2, popcnt, tsc, tscinvbit, aes, clmul, clflush

Memory: 4k page, physical 8388608k(23764k free), swap 8388608k(1352704k free)

vm_info: OpenJDK 64-Bit Server VM (16.0.2+7) for bsd-amd64 JRE (16.0.2+7), built on Jul 22 2021 01:07:07 by "ec2user" with clang Apple LLVM 12.0.5 (clang-1205.0.22.9)

END.
